{"/Users/lennycopeaux/Desktop/💻 Dev/yallo/src/app/error.tsx": {"path":"/Users/lennycopeaux/Desktop/💻 Dev/yallo/src/app/error.tsx","statementMap":{"0":{"start":{"line":18,"column":2},"end":{"line":20,"column":null}},"1":{"start":{"line":19,"column":4},"end":{"line":19,"column":null}},"2":{"start":{"line":22,"column":2},"end":{"line":135,"column":null}}},"fnMap":{"0":{"name":"ErrorPage","decl":{"start":{"line":14,"column":24},"end":{"line":14,"column":34}},"loc":{"start":{"line":17,"column":29},"end":{"line":137,"column":null}},"line":17},"1":{"name":"(anonymous_1)","decl":{"start":{"line":18,"column":12},"end":{"line":18,"column":18}},"loc":{"start":{"line":18,"column":18},"end":{"line":20,"column":5}},"line":18}},"branchMap":{},"s":{"0":5,"1":5,"2":5},"f":{"0":5,"1":5},"b":{},"meta":{"lastBranch":0,"lastFunction":2,"lastStatement":3,"seen":{"f:14:24:14:34":0,"s:18:2:20:Infinity":0,"f:18:12:18:18":1,"s:19:4:19:Infinity":1,"s:22:2:135:Infinity":2}}}
,"/Users/lennycopeaux/Desktop/💻 Dev/yallo/src/app/not-found.tsx": {"path":"/Users/lennycopeaux/Desktop/💻 Dev/yallo/src/app/not-found.tsx","statementMap":{"0":{"start":{"line":8,"column":2},"end":{"line":104,"column":null}}},"fnMap":{"0":{"name":"NotFound","decl":{"start":{"line":7,"column":24},"end":{"line":7,"column":35}},"loc":{"start":{"line":7,"column":35},"end":{"line":106,"column":null}},"line":7}},"branchMap":{},"s":{"0":3},"f":{"0":3},"b":{},"meta":{"lastBranch":0,"lastFunction":1,"lastStatement":1,"seen":{"f:7:24:7:35":0,"s:8:2:104:Infinity":0}}}
,"/Users/lennycopeaux/Desktop/💻 Dev/yallo/src/components/landing/footer-section.tsx": {"path":"/Users/lennycopeaux/Desktop/💻 Dev/yallo/src/components/landing/footer-section.tsx","statementMap":{"0":{"start":{"line":6,"column":27},"end":{"line":21,"column":null}},"1":{"start":{"line":7,"column":4},"end":{"line":7,"column":null}},"2":{"start":{"line":8,"column":21},"end":{"line":8,"column":null}},"3":{"start":{"line":9,"column":17},"end":{"line":9,"column":null}},"4":{"start":{"line":12,"column":4},"end":{"line":18,"column":null}},"5":{"start":{"line":13,"column":6},"end":{"line":13,"column":null}},"6":{"start":{"line":14,"column":4},"end":{"line":18,"column":null}},"7":{"start":{"line":15,"column":6},"end":{"line":15,"column":null}},"8":{"start":{"line":17,"column":6},"end":{"line":17,"column":null}},"9":{"start":{"line":20,"column":4},"end":{"line":20,"column":null}},"10":{"start":{"line":23,"column":2},"end":{"line":121,"column":null}}},"fnMap":{"0":{"name":"FooterSection","decl":{"start":{"line":5,"column":16},"end":{"line":5,"column":32}},"loc":{"start":{"line":5,"column":32},"end":{"line":123,"column":null}},"line":5},"1":{"name":"(anonymous_1)","decl":{"start":{"line":6,"column":27},"end":{"line":6,"column":28}},"loc":{"start":{"line":6,"column":52},"end":{"line":21,"column":null}},"line":6}},"branchMap":{"0":{"loc":{"start":{"line":8,"column":21},"end":{"line":8,"column":null}},"type":"binary-expr","locations":[{"start":{"line":8,"column":21},"end":{"line":8,"column":62}},{"start":{"line":8,"column":62},"end":{"line":8,"column":null}}],"line":8},"1":{"loc":{"start":{"line":9,"column":17},"end":{"line":9,"column":null}},"type":"binary-expr","locations":[{"start":{"line":9,"column":17},"end":{"line":9,"column":54}},{"start":{"line":9,"column":54},"end":{"line":9,"column":null}}],"line":9},"2":{"loc":{"start":{"line":12,"column":4},"end":{"line":18,"column":null}},"type":"if","locations":[{"start":{"line":12,"column":4},"end":{"line":18,"column":null}},{"start":{"line":14,"column":4},"end":{"line":18,"column":null}}],"line":12},"3":{"loc":{"start":{"line":14,"column":4},"end":{"line":18,"column":null}},"type":"if","locations":[{"start":{"line":14,"column":4},"end":{"line":18,"column":null}},{"start":{"line":16,"column":11},"end":{"line":18,"column":null}}],"line":14}},"s":{"0":6,"1":3,"2":3,"3":3,"4":3,"5":1,"6":2,"7":1,"8":1,"9":3,"10":6},"f":{"0":6,"1":3},"b":{"0":[3,0],"1":[3,0],"2":[1,2],"3":[1,1]},"meta":{"lastBranch":4,"lastFunction":2,"lastStatement":11,"seen":{"f:5:16:5:32":0,"s:6:27:21:Infinity":0,"f:6:27:6:28":1,"s:7:4:7:Infinity":1,"s:8:21:8:Infinity":2,"b:8:21:8:62:8:62:8:Infinity":0,"s:9:17:9:Infinity":3,"b:9:17:9:54:9:54:9:Infinity":1,"b:12:4:18:Infinity:14:4:18:Infinity":2,"s:12:4:18:Infinity":4,"s:13:6:13:Infinity":5,"b:14:4:18:Infinity:16:11:18:Infinity":3,"s:14:4:18:Infinity":6,"s:15:6:15:Infinity":7,"s:17:6:17:Infinity":8,"s:20:4:20:Infinity":9,"s:23:2:121:Infinity":10}}}
,"/Users/lennycopeaux/Desktop/💻 Dev/yallo/src/components/ui/button.tsx": {"path":"/Users/lennycopeaux/Desktop/💻 Dev/yallo/src/components/ui/button.tsx","statementMap":{"0":{"start":{"line":7,"column":6},"end":{"line":37,"column":null}},"1":{"start":{"line":49,"column":15},"end":{"line":49,"column":null}},"2":{"start":{"line":51,"column":2},"end":{"line":56,"column":null}}},"fnMap":{"0":{"name":"Button","decl":{"start":{"line":39,"column":9},"end":{"line":39,"column":16}},"loc":{"start":{"line":48,"column":5},"end":{"line":58,"column":null}},"line":48}},"branchMap":{"0":{"loc":{"start":{"line":43,"column":2},"end":{"line":43,"column":null}},"type":"default-arg","locations":[{"start":{"line":43,"column":12},"end":{"line":43,"column":null}}],"line":43},"1":{"loc":{"start":{"line":49,"column":15},"end":{"line":49,"column":null}},"type":"cond-expr","locations":[{"start":{"line":49,"column":25},"end":{"line":49,"column":32}},{"start":{"line":49,"column":32},"end":{"line":49,"column":null}}],"line":49}},"s":{"0":2,"1":16,"2":16},"f":{"0":16},"b":{"0":[16],"1":[11,5]},"meta":{"lastBranch":2,"lastFunction":1,"lastStatement":3,"seen":{"s:7:6:37:Infinity":0,"f:39:9:39:16":0,"b:43:12:43:Infinity":0,"s:49:15:49:Infinity":1,"b:49:25:49:32:49:32:49:Infinity":1,"s:51:2:56:Infinity":2}}}
,"/Users/lennycopeaux/Desktop/💻 Dev/yallo/src/db/schema.ts": {"path":"/Users/lennycopeaux/Desktop/💻 Dev/yallo/src/db/schema.ts","statementMap":{"0":{"start":{"line":4,"column":28},"end":{"line":4,"column":null}},"1":{"start":{"line":7,"column":31},"end":{"line":7,"column":null}},"2":{"start":{"line":10,"column":36},"end":{"line":10,"column":null}},"3":{"start":{"line":12,"column":13},"end":{"line":12,"column":null}},"4":{"start":{"line":14,"column":34},"end":{"line":14,"column":null}},"5":{"start":{"line":16,"column":13},"end":{"line":16,"column":null}},"6":{"start":{"line":18,"column":33},"end":{"line":18,"column":null}},"7":{"start":{"line":20,"column":13},"end":{"line":20,"column":null}},"8":{"start":{"line":60,"column":13},"end":{"line":69,"column":null}},"9":{"start":{"line":71,"column":13},"end":{"line":120,"column":null}},"10":{"start":{"line":78,"column":22},"end":{"line":78,"column":32}},"11":{"start":{"line":122,"column":13},"end":{"line":127,"column":null}},"12":{"start":{"line":122,"column":61},"end":{"line":127,"column":2}},"13":{"start":{"line":129,"column":13},"end":{"line":135,"column":null}},"14":{"start":{"line":129,"column":79},"end":{"line":135,"column":2}},"15":{"start":{"line":137,"column":13},"end":{"line":151,"column":null}},"16":{"start":{"line":141,"column":22},"end":{"line":141,"column":38}},"17":{"start":{"line":153,"column":13},"end":{"line":164,"column":null}},"18":{"start":{"line":157,"column":22},"end":{"line":157,"column":33}},"19":{"start":{"line":166,"column":13},"end":{"line":172,"column":null}},"20":{"start":{"line":166,"column":69},"end":{"line":172,"column":2}},"21":{"start":{"line":174,"column":13},"end":{"line":179,"column":null}},"22":{"start":{"line":174,"column":71},"end":{"line":179,"column":2}}},"fnMap":{"0":{"name":"(anonymous_0)","decl":{"start":{"line":78,"column":16},"end":{"line":78,"column":22}},"loc":{"start":{"line":78,"column":22},"end":{"line":78,"column":32}},"line":78},"1":{"name":"(anonymous_1)","decl":{"start":{"line":122,"column":47},"end":{"line":122,"column":48}},"loc":{"start":{"line":122,"column":61},"end":{"line":127,"column":2}},"line":122},"2":{"name":"(anonymous_2)","decl":{"start":{"line":129,"column":59},"end":{"line":129,"column":60}},"loc":{"start":{"line":129,"column":79},"end":{"line":135,"column":2}},"line":129},"3":{"name":"(anonymous_3)","decl":{"start":{"line":141,"column":16},"end":{"line":141,"column":22}},"loc":{"start":{"line":141,"column":22},"end":{"line":141,"column":38}},"line":141},"4":{"name":"(anonymous_4)","decl":{"start":{"line":157,"column":16},"end":{"line":157,"column":22}},"loc":{"start":{"line":157,"column":22},"end":{"line":157,"column":33}},"line":157},"5":{"name":"(anonymous_5)","decl":{"start":{"line":166,"column":49},"end":{"line":166,"column":50}},"loc":{"start":{"line":166,"column":69},"end":{"line":172,"column":2}},"line":166},"6":{"name":"(anonymous_6)","decl":{"start":{"line":174,"column":57},"end":{"line":174,"column":58}},"loc":{"start":{"line":174,"column":71},"end":{"line":179,"column":2}},"line":174}},"branchMap":{},"s":{"0":3,"1":3,"2":3,"3":3,"4":3,"5":3,"6":3,"7":3,"8":3,"9":3,"10":0,"11":3,"12":0,"13":3,"14":0,"15":3,"16":0,"17":3,"18":0,"19":3,"20":0,"21":3,"22":0},"f":{"0":0,"1":0,"2":0,"3":0,"4":0,"5":0,"6":0},"b":{},"meta":{"lastBranch":0,"lastFunction":7,"lastStatement":23,"seen":{"s:4:28:4:Infinity":0,"s:7:31:7:Infinity":1,"s:10:36:10:Infinity":2,"s:12:13:12:Infinity":3,"s:14:34:14:Infinity":4,"s:16:13:16:Infinity":5,"s:18:33:18:Infinity":6,"s:20:13:20:Infinity":7,"s:60:13:69:Infinity":8,"s:71:13:120:Infinity":9,"f:78:16:78:22":0,"s:78:22:78:32":10,"s:122:13:127:Infinity":11,"f:122:47:122:48":1,"s:122:61:127:2":12,"s:129:13:135:Infinity":13,"f:129:59:129:60":2,"s:129:79:135:2":14,"s:137:13:151:Infinity":15,"f:141:16:141:22":3,"s:141:22:141:38":16,"s:153:13:164:Infinity":17,"f:157:16:157:22":4,"s:157:22:157:33":18,"s:166:13:172:Infinity":19,"f:166:49:166:50":5,"s:166:69:172:2":20,"s:174:13:179:Infinity":21,"f:174:57:174:58":6,"s:174:71:179:2":22}}}
,"/Users/lennycopeaux/Desktop/💻 Dev/yallo/src/features/hours/actions.ts": {"path":"/Users/lennycopeaux/Desktop/💻 Dev/yallo/src/features/hours/actions.ts","statementMap":{"0":{"start":{"line":10,"column":23},"end":{"line":13,"column":null}},"1":{"start":{"line":15,"column":26},"end":{"line":24,"column":null}},"2":{"start":{"line":26,"column":28},"end":{"line":29,"column":null}},"3":{"start":{"line":38,"column":15},"end":{"line":38,"column":null}},"4":{"start":{"line":39,"column":2},"end":{"line":41,"column":null}},"5":{"start":{"line":40,"column":4},"end":{"line":40,"column":null}},"6":{"start":{"line":43,"column":28},"end":{"line":47,"column":null}},"7":{"start":{"line":49,"column":2},"end":{"line":49,"column":null}},"8":{"start":{"line":49,"column":24},"end":{"line":49,"column":null}},"9":{"start":{"line":50,"column":2},"end":{"line":52,"column":null}},"10":{"start":{"line":51,"column":4},"end":{"line":51,"column":null}},"11":{"start":{"line":54,"column":2},"end":{"line":63,"column":null}},"12":{"start":{"line":55,"column":24},"end":{"line":55,"column":null}},"13":{"start":{"line":56,"column":29},"end":{"line":56,"column":null}},"14":{"start":{"line":57,"column":4},"end":{"line":59,"column":null}},"15":{"start":{"line":58,"column":6},"end":{"line":58,"column":null}},"16":{"start":{"line":60,"column":4},"end":{"line":60,"column":null}},"17":{"start":{"line":62,"column":4},"end":{"line":62,"column":null}},"18":{"start":{"line":67,"column":15},"end":{"line":67,"column":null}},"19":{"start":{"line":68,"column":2},"end":{"line":70,"column":null}},"20":{"start":{"line":69,"column":4},"end":{"line":69,"column":null}},"21":{"start":{"line":72,"column":28},"end":{"line":76,"column":null}},"22":{"start":{"line":78,"column":2},"end":{"line":78,"column":null}},"23":{"start":{"line":78,"column":24},"end":{"line":78,"column":null}},"24":{"start":{"line":80,"column":21},"end":{"line":80,"column":null}},"25":{"start":{"line":81,"column":2},"end":{"line":83,"column":null}},"26":{"start":{"line":82,"column":4},"end":{"line":82,"column":null}},"27":{"start":{"line":85,"column":2},"end":{"line":100,"column":null}},"28":{"start":{"line":86,"column":24},"end":{"line":86,"column":null}},"29":{"start":{"line":87,"column":27},"end":{"line":87,"column":null}},"30":{"start":{"line":89,"column":4},"end":{"line":92,"column":null}},"31":{"start":{"line":94,"column":4},"end":{"line":94,"column":null}},"32":{"start":{"line":95,"column":4},"end":{"line":95,"column":null}},"33":{"start":{"line":96,"column":4},"end":{"line":96,"column":null}},"34":{"start":{"line":98,"column":4},"end":{"line":98,"column":null}},"35":{"start":{"line":98,"column":37},"end":{"line":98,"column":null}},"36":{"start":{"line":99,"column":4},"end":{"line":99,"column":null}}},"fnMap":{"0":{"name":"getBusinessHours","decl":{"start":{"line":37,"column":22},"end":{"line":37,"column":64}},"loc":{"start":{"line":37,"column":64},"end":{"line":64,"column":null}},"line":37},"1":{"name":"updateBusinessHours","decl":{"start":{"line":66,"column":22},"end":{"line":66,"column":42}},"loc":{"start":{"line":66,"column":85},"end":{"line":101,"column":null}},"line":66}},"branchMap":{"0":{"loc":{"start":{"line":39,"column":2},"end":{"line":41,"column":null}},"type":"if","locations":[{"start":{"line":39,"column":2},"end":{"line":41,"column":null}},{"start":{},"end":{}}],"line":39},"1":{"loc":{"start":{"line":49,"column":2},"end":{"line":49,"column":null}},"type":"if","locations":[{"start":{"line":49,"column":2},"end":{"line":49,"column":null}},{"start":{},"end":{}}],"line":49},"2":{"loc":{"start":{"line":50,"column":2},"end":{"line":52,"column":null}},"type":"if","locations":[{"start":{"line":50,"column":2},"end":{"line":52,"column":null}},{"start":{},"end":{}}],"line":50},"3":{"loc":{"start":{"line":57,"column":4},"end":{"line":59,"column":null}},"type":"if","locations":[{"start":{"line":57,"column":4},"end":{"line":59,"column":null}},{"start":{},"end":{}}],"line":57},"4":{"loc":{"start":{"line":57,"column":8},"end":{"line":57,"column":110}},"type":"binary-expr","locations":[{"start":{"line":57,"column":8},"end":{"line":57,"column":37}},{"start":{"line":57,"column":37},"end":{"line":57,"column":62}},{"start":{"line":57,"column":62},"end":{"line":57,"column":110}}],"line":57},"5":{"loc":{"start":{"line":68,"column":2},"end":{"line":70,"column":null}},"type":"if","locations":[{"start":{"line":68,"column":2},"end":{"line":70,"column":null}},{"start":{},"end":{}}],"line":68},"6":{"loc":{"start":{"line":78,"column":2},"end":{"line":78,"column":null}},"type":"if","locations":[{"start":{"line":78,"column":2},"end":{"line":78,"column":null}},{"start":{},"end":{}}],"line":78},"7":{"loc":{"start":{"line":81,"column":2},"end":{"line":83,"column":null}},"type":"if","locations":[{"start":{"line":81,"column":2},"end":{"line":83,"column":null}},{"start":{},"end":{}}],"line":81},"8":{"loc":{"start":{"line":81,"column":6},"end":{"line":81,"column":53}},"type":"binary-expr","locations":[{"start":{"line":81,"column":6},"end":{"line":81,"column":21}},{"start":{"line":81,"column":21},"end":{"line":81,"column":53}}],"line":81},"9":{"loc":{"start":{"line":98,"column":4},"end":{"line":98,"column":null}},"type":"if","locations":[{"start":{"line":98,"column":4},"end":{"line":98,"column":null}},{"start":{},"end":{}}],"line":98}},"s":{"0":1,"1":1,"2":1,"3":6,"4":5,"5":1,"6":4,"7":4,"8":1,"9":3,"10":1,"11":2,"12":2,"13":2,"14":2,"15":0,"16":1,"17":1,"18":4,"19":3,"20":0,"21":3,"22":3,"23":0,"24":3,"25":3,"26":1,"27":2,"28":2,"29":2,"30":2,"31":1,"32":1,"33":1,"34":1,"35":0,"36":1},"f":{"0":6,"1":4},"b":{"0":[1,4],"1":[1,3],"2":[1,2],"3":[0,2],"4":[2,1,1],"5":[0,3],"6":[0,3],"7":[1,2],"8":[3,2],"9":[0,1]},"meta":{"lastBranch":10,"lastFunction":2,"lastStatement":37,"seen":{"s:10:23:13:Infinity":0,"s:15:26:24:Infinity":1,"s:26:28:29:Infinity":2,"f:37:22:37:64":0,"s:38:15:38:Infinity":3,"b:39:2:41:Infinity:undefined:undefined:undefined:undefined":0,"s:39:2:41:Infinity":4,"s:40:4:40:Infinity":5,"s:43:28:47:Infinity":6,"b:49:2:49:Infinity:undefined:undefined:undefined:undefined":1,"s:49:2:49:Infinity":7,"s:49:24:49:Infinity":8,"b:50:2:52:Infinity:undefined:undefined:undefined:undefined":2,"s:50:2:52:Infinity":9,"s:51:4:51:Infinity":10,"s:54:2:63:Infinity":11,"s:55:24:55:Infinity":12,"s:56:29:56:Infinity":13,"b:57:4:59:Infinity:undefined:undefined:undefined:undefined":3,"s:57:4:59:Infinity":14,"b:57:8:57:37:57:37:57:62:57:62:57:110":4,"s:58:6:58:Infinity":15,"s:60:4:60:Infinity":16,"s:62:4:62:Infinity":17,"f:66:22:66:42":1,"s:67:15:67:Infinity":18,"b:68:2:70:Infinity:undefined:undefined:undefined:undefined":5,"s:68:2:70:Infinity":19,"s:69:4:69:Infinity":20,"s:72:28:76:Infinity":21,"b:78:2:78:Infinity:undefined:undefined:undefined:undefined":6,"s:78:2:78:Infinity":22,"s:78:24:78:Infinity":23,"s:80:21:80:Infinity":24,"b:81:2:83:Infinity:undefined:undefined:undefined:undefined":7,"s:81:2:83:Infinity":25,"b:81:6:81:21:81:21:81:53":8,"s:82:4:82:Infinity":26,"s:85:2:100:Infinity":27,"s:86:24:86:Infinity":28,"s:87:27:87:Infinity":29,"s:89:4:92:Infinity":30,"s:94:4:94:Infinity":31,"s:95:4:95:Infinity":32,"s:96:4:96:Infinity":33,"b:98:4:98:Infinity:undefined:undefined:undefined:undefined":9,"s:98:4:98:Infinity":34,"s:98:37:98:Infinity":35,"s:99:4:99:Infinity":36}}}
,"/Users/lennycopeaux/Desktop/💻 Dev/yallo/src/features/kitchen-status/actions.ts": {"path":"/Users/lennycopeaux/Desktop/💻 Dev/yallo/src/features/kitchen-status/actions.ts","statementMap":{"0":{"start":{"line":11,"column":29},"end":{"line":25,"column":null}},"1":{"start":{"line":30,"column":15},"end":{"line":30,"column":null}},"2":{"start":{"line":31,"column":2},"end":{"line":31,"column":null}},"3":{"start":{"line":31,"column":17},"end":{"line":31,"column":null}},"4":{"start":{"line":33,"column":26},"end":{"line":36,"column":null}},"5":{"start":{"line":38,"column":2},"end":{"line":38,"column":null}},"6":{"start":{"line":38,"column":24},"end":{"line":38,"column":null}},"7":{"start":{"line":40,"column":2},"end":{"line":47,"column":null}},"8":{"start":{"line":41,"column":4},"end":{"line":44,"column":null}},"9":{"start":{"line":46,"column":4},"end":{"line":46,"column":null}},"10":{"start":{"line":49,"column":2},"end":{"line":49,"column":null}},"11":{"start":{"line":53,"column":15},"end":{"line":53,"column":null}},"12":{"start":{"line":55,"column":24},"end":{"line":55,"column":null}},"13":{"start":{"line":56,"column":2},"end":{"line":56,"column":null}},"14":{"start":{"line":56,"column":22},"end":{"line":56,"column":null}},"15":{"start":{"line":58,"column":26},"end":{"line":60,"column":null}},"16":{"start":{"line":61,"column":2},"end":{"line":61,"column":null}},"17":{"start":{"line":61,"column":24},"end":{"line":61,"column":null}},"18":{"start":{"line":63,"column":2},"end":{"line":66,"column":null}},"19":{"start":{"line":68,"column":2},"end":{"line":68,"column":null}},"20":{"start":{"line":69,"column":2},"end":{"line":69,"column":null}},"21":{"start":{"line":73,"column":15},"end":{"line":73,"column":null}},"22":{"start":{"line":75,"column":28},"end":{"line":75,"column":null}},"23":{"start":{"line":77,"column":26},"end":{"line":79,"column":null}},"24":{"start":{"line":80,"column":2},"end":{"line":80,"column":null}},"25":{"start":{"line":80,"column":24},"end":{"line":80,"column":null}},"26":{"start":{"line":82,"column":28},"end":{"line":82,"column":null}},"27":{"start":{"line":83,"column":41},"end":{"line":83,"column":null}},"28":{"start":{"line":85,"column":2},"end":{"line":88,"column":null}},"29":{"start":{"line":90,"column":2},"end":{"line":90,"column":null}},"30":{"start":{"line":91,"column":2},"end":{"line":91,"column":null}}},"fnMap":{"0":{"name":"getKitchenStatus","decl":{"start":{"line":29,"column":22},"end":{"line":29,"column":41}},"loc":{"start":{"line":29,"column":41},"end":{"line":50,"column":null}},"line":29},"1":{"name":"updateKitchenStatus","decl":{"start":{"line":52,"column":22},"end":{"line":52,"column":42}},"loc":{"start":{"line":52,"column":65},"end":{"line":70,"column":null}},"line":52},"2":{"name":"updateStatusSettings","decl":{"start":{"line":72,"column":22},"end":{"line":72,"column":43}},"loc":{"start":{"line":72,"column":69},"end":{"line":92,"column":null}},"line":72}},"branchMap":{"0":{"loc":{"start":{"line":31,"column":2},"end":{"line":31,"column":null}},"type":"if","locations":[{"start":{"line":31,"column":2},"end":{"line":31,"column":null}},{"start":{},"end":{}}],"line":31},"1":{"loc":{"start":{"line":38,"column":2},"end":{"line":38,"column":null}},"type":"if","locations":[{"start":{"line":38,"column":2},"end":{"line":38,"column":null}},{"start":{},"end":{}}],"line":38},"2":{"loc":{"start":{"line":40,"column":2},"end":{"line":47,"column":null}},"type":"if","locations":[{"start":{"line":40,"column":2},"end":{"line":47,"column":null}},{"start":{},"end":{}}],"line":40},"3":{"loc":{"start":{"line":56,"column":2},"end":{"line":56,"column":null}},"type":"if","locations":[{"start":{"line":56,"column":2},"end":{"line":56,"column":null}},{"start":{},"end":{}}],"line":56},"4":{"loc":{"start":{"line":61,"column":2},"end":{"line":61,"column":null}},"type":"if","locations":[{"start":{"line":61,"column":2},"end":{"line":61,"column":null}},{"start":{},"end":{}}],"line":61},"5":{"loc":{"start":{"line":80,"column":2},"end":{"line":80,"column":null}},"type":"if","locations":[{"start":{"line":80,"column":2},"end":{"line":80,"column":null}},{"start":{},"end":{}}],"line":80},"6":{"loc":{"start":{"line":82,"column":28},"end":{"line":82,"column":null}},"type":"binary-expr","locations":[{"start":{"line":82,"column":28},"end":{"line":82,"column":81}},{"start":{"line":82,"column":81},"end":{"line":82,"column":null}}],"line":82}},"s":{"0":1,"1":4,"2":4,"3":1,"4":3,"5":3,"6":1,"7":2,"8":1,"9":1,"10":1,"11":4,"12":3,"13":3,"14":1,"15":2,"16":2,"17":2,"18":1,"19":1,"20":1,"21":4,"22":3,"23":3,"24":2,"25":2,"26":2,"27":4,"28":4,"29":2,"30":2},"f":{"0":4,"1":4,"2":4},"b":{"0":[1,3],"1":[1,2],"2":[1,1],"3":[1,2],"4":[1,1],"5":[0,2],"6":[2,0]},"meta":{"lastBranch":7,"lastFunction":3,"lastStatement":31,"seen":{"s:11:29:25:Infinity":0,"f:29:22:29:41":0,"s:30:15:30:Infinity":1,"b:31:2:31:Infinity:undefined:undefined:undefined:undefined":0,"s:31:2:31:Infinity":2,"s:31:17:31:Infinity":3,"s:33:26:36:Infinity":4,"b:38:2:38:Infinity:undefined:undefined:undefined:undefined":1,"s:38:2:38:Infinity":5,"s:38:24:38:Infinity":6,"b:40:2:47:Infinity:undefined:undefined:undefined:undefined":2,"s:40:2:47:Infinity":7,"s:41:4:44:Infinity":8,"s:46:4:46:Infinity":9,"s:49:2:49:Infinity":10,"f:52:22:52:42":1,"s:53:15:53:Infinity":11,"s:55:24:55:Infinity":12,"b:56:2:56:Infinity:undefined:undefined:undefined:undefined":3,"s:56:2:56:Infinity":13,"s:56:22:56:Infinity":14,"s:58:26:60:Infinity":15,"b:61:2:61:Infinity:undefined:undefined:undefined:undefined":4,"s:61:2:61:Infinity":16,"s:61:24:61:Infinity":17,"s:63:2:66:Infinity":18,"s:68:2:68:Infinity":19,"s:69:2:69:Infinity":20,"f:72:22:72:43":2,"s:73:15:73:Infinity":21,"s:75:28:75:Infinity":22,"s:77:26:79:Infinity":23,"b:80:2:80:Infinity:undefined:undefined:undefined:undefined":5,"s:80:2:80:Infinity":24,"s:80:24:80:Infinity":25,"s:82:28:82:Infinity":26,"b:82:28:82:81:82:81:82:Infinity":6,"s:83:41:83:Infinity":27,"s:85:2:88:Infinity":28,"s:90:2:90:Infinity":29,"s:91:2:91:Infinity":30}}}
,"/Users/lennycopeaux/Desktop/💻 Dev/yallo/src/features/kitchen-status/constants.ts": {"path":"/Users/lennycopeaux/Desktop/💻 Dev/yallo/src/features/kitchen-status/constants.ts","statementMap":{"0":{"start":{"line":3,"column":55},"end":{"line":8,"column":null}}},"fnMap":{},"branchMap":{},"s":{"0":1},"f":{},"b":{},"meta":{"lastBranch":0,"lastFunction":0,"lastStatement":1,"seen":{"s:3:55:8:Infinity":0}}}
,"/Users/lennycopeaux/Desktop/💻 Dev/yallo/src/features/menu/actions.ts": {"path":"/Users/lennycopeaux/Desktop/💻 Dev/yallo/src/features/menu/actions.ts","statementMap":{"0":{"start":{"line":11,"column":15},"end":{"line":11,"column":null}},"1":{"start":{"line":13,"column":23},"end":{"line":16,"column":null}},"2":{"start":{"line":18,"column":2},"end":{"line":20,"column":null}},"3":{"start":{"line":19,"column":4},"end":{"line":19,"column":null}},"4":{"start":{"line":22,"column":2},"end":{"line":22,"column":null}},"5":{"start":{"line":26,"column":21},"end":{"line":26,"column":null}},"6":{"start":{"line":27,"column":2},"end":{"line":27,"column":null}},"7":{"start":{"line":31,"column":2},"end":{"line":49,"column":null}},"8":{"start":{"line":32,"column":23},"end":{"line":32,"column":null}},"9":{"start":{"line":34,"column":4},"end":{"line":40,"column":null}},"10":{"start":{"line":42,"column":4},"end":{"line":42,"column":null}},"11":{"start":{"line":43,"column":4},"end":{"line":43,"column":null}},"12":{"start":{"line":45,"column":4},"end":{"line":45,"column":null}},"13":{"start":{"line":47,"column":20},"end":{"line":47,"column":null}},"14":{"start":{"line":48,"column":4},"end":{"line":48,"column":null}},"15":{"start":{"line":55,"column":2},"end":{"line":70,"column":null}},"16":{"start":{"line":56,"column":4},"end":{"line":58,"column":null}},"17":{"start":{"line":57,"column":6},"end":{"line":57,"column":null}},"18":{"start":{"line":60,"column":4},"end":{"line":62,"column":null}},"19":{"start":{"line":61,"column":6},"end":{"line":61,"column":null}},"20":{"start":{"line":64,"column":21},"end":{"line":64,"column":null}},"21":{"start":{"line":66,"column":4},"end":{"line":66,"column":null}},"22":{"start":{"line":68,"column":20},"end":{"line":68,"column":null}},"23":{"start":{"line":69,"column":4},"end":{"line":69,"column":null}},"24":{"start":{"line":74,"column":2},"end":{"line":92,"column":null}},"25":{"start":{"line":75,"column":23},"end":{"line":75,"column":null}},"26":{"start":{"line":77,"column":4},"end":{"line":83,"column":null}},"27":{"start":{"line":85,"column":4},"end":{"line":85,"column":null}},"28":{"start":{"line":86,"column":4},"end":{"line":86,"column":null}},"29":{"start":{"line":88,"column":4},"end":{"line":88,"column":null}},"30":{"start":{"line":90,"column":20},"end":{"line":90,"column":null}},"31":{"start":{"line":91,"column":4},"end":{"line":91,"column":null}}},"fnMap":{"0":{"name":"getRestaurantForOwner","decl":{"start":{"line":10,"column":15},"end":{"line":10,"column":39}},"loc":{"start":{"line":10,"column":39},"end":{"line":23,"column":null}},"line":10},"1":{"name":"getMenuData","decl":{"start":{"line":25,"column":22},"end":{"line":25,"column":62}},"loc":{"start":{"line":25,"column":62},"end":{"line":28,"column":null}},"line":25},"2":{"name":"saveMenuData","decl":{"start":{"line":30,"column":22},"end":{"line":30,"column":35}},"loc":{"start":{"line":30,"column":102},"end":{"line":50,"column":null}},"line":30},"3":{"name":"generateMenuFromImages","decl":{"start":{"line":52,"column":22},"end":{"line":52,"column":null}},"loc":{"start":{"line":54,"column":70},"end":{"line":71,"column":null}},"line":54},"4":{"name":"clearMenuData","decl":{"start":{"line":73,"column":22},"end":{"line":73,"column":85}},"loc":{"start":{"line":73,"column":85},"end":{"line":93,"column":null}},"line":73}},"branchMap":{"0":{"loc":{"start":{"line":18,"column":2},"end":{"line":20,"column":null}},"type":"if","locations":[{"start":{"line":18,"column":2},"end":{"line":20,"column":null}},{"start":{},"end":{}}],"line":18},"1":{"loc":{"start":{"line":27,"column":9},"end":{"line":27,"column":null}},"type":"binary-expr","locations":[{"start":{"line":27,"column":9},"end":{"line":27,"column":32}},{"start":{"line":27,"column":32},"end":{"line":27,"column":null}}],"line":27},"2":{"loc":{"start":{"line":47,"column":20},"end":{"line":47,"column":null}},"type":"cond-expr","locations":[{"start":{"line":47,"column":45},"end":{"line":47,"column":61}},{"start":{"line":47,"column":61},"end":{"line":47,"column":null}}],"line":47},"3":{"loc":{"start":{"line":56,"column":4},"end":{"line":58,"column":null}},"type":"if","locations":[{"start":{"line":56,"column":4},"end":{"line":58,"column":null}},{"start":{},"end":{}}],"line":56},"4":{"loc":{"start":{"line":60,"column":4},"end":{"line":62,"column":null}},"type":"if","locations":[{"start":{"line":60,"column":4},"end":{"line":62,"column":null}},{"start":{},"end":{}}],"line":60},"5":{"loc":{"start":{"line":68,"column":20},"end":{"line":68,"column":null}},"type":"cond-expr","locations":[{"start":{"line":68,"column":45},"end":{"line":68,"column":61}},{"start":{"line":68,"column":61},"end":{"line":68,"column":null}}],"line":68},"6":{"loc":{"start":{"line":90,"column":20},"end":{"line":90,"column":null}},"type":"cond-expr","locations":[{"start":{"line":90,"column":45},"end":{"line":90,"column":61}},{"start":{"line":90,"column":61},"end":{"line":90,"column":null}}],"line":90}},"s":{"0":6,"1":3,"2":3,"3":1,"4":2,"5":4,"6":2,"7":1,"8":1,"9":0,"10":0,"11":0,"12":0,"13":1,"14":1,"15":4,"16":4,"17":1,"18":3,"19":1,"20":2,"21":1,"22":1,"23":1,"24":1,"25":1,"26":0,"27":0,"28":0,"29":0,"30":1,"31":1},"f":{"0":6,"1":4,"2":1,"3":4,"4":1},"b":{"0":[1,2],"1":[2,1],"2":[1,0],"3":[1,3],"4":[1,2],"5":[1,0],"6":[1,0]},"meta":{"lastBranch":7,"lastFunction":5,"lastStatement":32,"seen":{"f:10:15:10:39":0,"s:11:15:11:Infinity":0,"s:13:23:16:Infinity":1,"b:18:2:20:Infinity:undefined:undefined:undefined:undefined":0,"s:18:2:20:Infinity":2,"s:19:4:19:Infinity":3,"s:22:2:22:Infinity":4,"f:25:22:25:62":1,"s:26:21:26:Infinity":5,"s:27:2:27:Infinity":6,"b:27:9:27:32:27:32:27:Infinity":1,"f:30:22:30:35":2,"s:31:2:49:Infinity":7,"s:32:23:32:Infinity":8,"s:34:4:40:Infinity":9,"s:42:4:42:Infinity":10,"s:43:4:43:Infinity":11,"s:45:4:45:Infinity":12,"s:47:20:47:Infinity":13,"b:47:45:47:61:47:61:47:Infinity":2,"s:48:4:48:Infinity":14,"f:52:22:52:Infinity":3,"s:55:2:70:Infinity":15,"b:56:4:58:Infinity:undefined:undefined:undefined:undefined":3,"s:56:4:58:Infinity":16,"s:57:6:57:Infinity":17,"b:60:4:62:Infinity:undefined:undefined:undefined:undefined":4,"s:60:4:62:Infinity":18,"s:61:6:61:Infinity":19,"s:64:21:64:Infinity":20,"s:66:4:66:Infinity":21,"s:68:20:68:Infinity":22,"b:68:45:68:61:68:61:68:Infinity":5,"s:69:4:69:Infinity":23,"f:73:22:73:85":4,"s:74:2:92:Infinity":24,"s:75:23:75:Infinity":25,"s:77:4:83:Infinity":26,"s:85:4:85:Infinity":27,"s:86:4:86:Infinity":28,"s:88:4:88:Infinity":29,"s:90:20:90:Infinity":30,"b:90:45:90:61:90:61:90:Infinity":6,"s:91:4:91:Infinity":31}}}
,"/Users/lennycopeaux/Desktop/💻 Dev/yallo/src/features/orders/actions.ts": {"path":"/Users/lennycopeaux/Desktop/💻 Dev/yallo/src/features/orders/actions.ts","statementMap":{"0":{"start":{"line":10,"column":20},"end":{"line":10,"column":null}},"1":{"start":{"line":11,"column":17},"end":{"line":13,"column":null}},"2":{"start":{"line":14,"column":2},"end":{"line":14,"column":null}},"3":{"start":{"line":18,"column":15},"end":{"line":18,"column":null}},"4":{"start":{"line":19,"column":2},"end":{"line":21,"column":null}},"5":{"start":{"line":20,"column":4},"end":{"line":20,"column":null}},"6":{"start":{"line":23,"column":21},"end":{"line":25,"column":null}},"7":{"start":{"line":27,"column":2},"end":{"line":27,"column":null}},"8":{"start":{"line":31,"column":15},"end":{"line":31,"column":null}},"9":{"start":{"line":33,"column":26},"end":{"line":35,"column":null}},"10":{"start":{"line":37,"column":2},"end":{"line":37,"column":null}},"11":{"start":{"line":37,"column":24},"end":{"line":37,"column":null}},"12":{"start":{"line":39,"column":2},"end":{"line":43,"column":null}},"13":{"start":{"line":47,"column":15},"end":{"line":47,"column":null}},"14":{"start":{"line":49,"column":26},"end":{"line":51,"column":null}},"15":{"start":{"line":52,"column":2},"end":{"line":52,"column":null}},"16":{"start":{"line":52,"column":24},"end":{"line":52,"column":null}},"17":{"start":{"line":54,"column":22},"end":{"line":56,"column":null}},"18":{"start":{"line":57,"column":2},"end":{"line":57,"column":null}},"19":{"start":{"line":57,"column":20},"end":{"line":57,"column":null}},"20":{"start":{"line":59,"column":2},"end":{"line":62,"column":null}},"21":{"start":{"line":64,"column":2},"end":{"line":64,"column":null}},"22":{"start":{"line":65,"column":2},"end":{"line":65,"column":null}},"23":{"start":{"line":69,"column":15},"end":{"line":69,"column":null}},"24":{"start":{"line":71,"column":26},"end":{"line":73,"column":null}},"25":{"start":{"line":75,"column":2},"end":{"line":77,"column":null}},"26":{"start":{"line":76,"column":4},"end":{"line":76,"column":null}},"27":{"start":{"line":79,"column":20},"end":{"line":79,"column":null}},"28":{"start":{"line":80,"column":22},"end":{"line":80,"column":null}},"29":{"start":{"line":81,"column":19},"end":{"line":81,"column":null}},"30":{"start":{"line":82,"column":8},"end":{"line":82,"column":null}},"31":{"start":{"line":84,"column":25},"end":{"line":95,"column":null}},"32":{"start":{"line":97,"column":2},"end":{"line":104,"column":null}},"33":{"start":{"line":106,"column":2},"end":{"line":106,"column":null}},"34":{"start":{"line":107,"column":2},"end":{"line":107,"column":null}},"35":{"start":{"line":109,"column":2},"end":{"line":109,"column":null}}},"fnMap":{"0":{"name":"generateOrderNumber","decl":{"start":{"line":9,"column":9},"end":{"line":9,"column":39}},"loc":{"start":{"line":9,"column":39},"end":{"line":15,"column":null}},"line":9},"1":{"name":"getUserRestaurant","decl":{"start":{"line":17,"column":22},"end":{"line":17,"column":42}},"loc":{"start":{"line":17,"column":42},"end":{"line":28,"column":null}},"line":17},"2":{"name":"getOrders","decl":{"start":{"line":30,"column":22},"end":{"line":30,"column":34}},"loc":{"start":{"line":30,"column":34},"end":{"line":44,"column":null}},"line":30},"3":{"name":"updateOrderStatus","decl":{"start":{"line":46,"column":22},"end":{"line":46,"column":40}},"loc":{"start":{"line":46,"column":81},"end":{"line":66,"column":null}},"line":46},"4":{"name":"simulateSubmitOrder","decl":{"start":{"line":68,"column":22},"end":{"line":68,"column":44}},"loc":{"start":{"line":68,"column":44},"end":{"line":110,"column":null}},"line":68}},"branchMap":{"0":{"loc":{"start":{"line":19,"column":2},"end":{"line":21,"column":null}},"type":"if","locations":[{"start":{"line":19,"column":2},"end":{"line":21,"column":null}},{"start":{},"end":{}}],"line":19},"1":{"loc":{"start":{"line":27,"column":9},"end":{"line":27,"column":null}},"type":"binary-expr","locations":[{"start":{"line":27,"column":9},"end":{"line":27,"column":23}},{"start":{"line":27,"column":23},"end":{"line":27,"column":null}}],"line":27},"2":{"loc":{"start":{"line":37,"column":2},"end":{"line":37,"column":null}},"type":"if","locations":[{"start":{"line":37,"column":2},"end":{"line":37,"column":null}},{"start":{},"end":{}}],"line":37},"3":{"loc":{"start":{"line":52,"column":2},"end":{"line":52,"column":null}},"type":"if","locations":[{"start":{"line":52,"column":2},"end":{"line":52,"column":null}},{"start":{},"end":{}}],"line":52},"4":{"loc":{"start":{"line":57,"column":2},"end":{"line":57,"column":null}},"type":"if","locations":[{"start":{"line":57,"column":2},"end":{"line":57,"column":null}},{"start":{},"end":{}}],"line":57},"5":{"loc":{"start":{"line":75,"column":2},"end":{"line":77,"column":null}},"type":"if","locations":[{"start":{"line":75,"column":2},"end":{"line":77,"column":null}},{"start":{},"end":{}}],"line":75}},"s":{"0":0,"1":0,"2":0,"3":3,"4":3,"5":1,"6":2,"7":2,"8":3,"9":2,"10":2,"11":2,"12":1,"13":4,"14":3,"15":3,"16":1,"17":2,"18":2,"19":2,"20":1,"21":1,"22":1,"23":0,"24":0,"25":0,"26":0,"27":0,"28":0,"29":0,"30":0,"31":0,"32":0,"33":0,"34":0,"35":0},"f":{"0":0,"1":3,"2":3,"3":4,"4":0},"b":{"0":[1,2],"1":[2,1],"2":[1,1],"3":[1,2],"4":[1,1],"5":[0,0]},"meta":{"lastBranch":6,"lastFunction":5,"lastStatement":36,"seen":{"f:9:9:9:39":0,"s:10:20:10:Infinity":0,"s:11:17:13:Infinity":1,"s:14:2:14:Infinity":2,"f:17:22:17:42":1,"s:18:15:18:Infinity":3,"b:19:2:21:Infinity:undefined:undefined:undefined:undefined":0,"s:19:2:21:Infinity":4,"s:20:4:20:Infinity":5,"s:23:21:25:Infinity":6,"s:27:2:27:Infinity":7,"b:27:9:27:23:27:23:27:Infinity":1,"f:30:22:30:34":2,"s:31:15:31:Infinity":8,"s:33:26:35:Infinity":9,"b:37:2:37:Infinity:undefined:undefined:undefined:undefined":2,"s:37:2:37:Infinity":10,"s:37:24:37:Infinity":11,"s:39:2:43:Infinity":12,"f:46:22:46:40":3,"s:47:15:47:Infinity":13,"s:49:26:51:Infinity":14,"b:52:2:52:Infinity:undefined:undefined:undefined:undefined":3,"s:52:2:52:Infinity":15,"s:52:24:52:Infinity":16,"s:54:22:56:Infinity":17,"b:57:2:57:Infinity:undefined:undefined:undefined:undefined":4,"s:57:2:57:Infinity":18,"s:57:20:57:Infinity":19,"s:59:2:62:Infinity":20,"s:64:2:64:Infinity":21,"s:65:2:65:Infinity":22,"f:68:22:68:44":4,"s:69:15:69:Infinity":23,"s:71:26:73:Infinity":24,"b:75:2:77:Infinity:undefined:undefined:undefined:undefined":5,"s:75:2:77:Infinity":25,"s:76:4:76:Infinity":26,"s:79:20:79:Infinity":27,"s:80:22:80:Infinity":28,"s:81:19:81:Infinity":29,"s:82:8:82:Infinity":30,"s:84:25:95:Infinity":31,"s:97:2:104:Infinity":32,"s:106:2:106:Infinity":33,"s:107:2:107:Infinity":34,"s:109:2:109:Infinity":35}}}
,"/Users/lennycopeaux/Desktop/💻 Dev/yallo/src/lib/logger.ts": {"path":"/Users/lennycopeaux/Desktop/💻 Dev/yallo/src/lib/logger.ts","statementMap":{"0":{"start":{"line":17,"column":10},"end":{"line":17,"column":null}},"1":{"start":{"line":18,"column":23},"end":{"line":18,"column":null}},"2":{"start":{"line":19,"column":4},"end":{"line":19,"column":null}},"3":{"start":{"line":23,"column":4},"end":{"line":23,"column":null}},"4":{"start":{"line":27,"column":4},"end":{"line":27,"column":null}},"5":{"start":{"line":31,"column":25},"end":{"line":33,"column":null}},"6":{"start":{"line":34,"column":4},"end":{"line":34,"column":null}},"7":{"start":{"line":38,"column":4},"end":{"line":40,"column":null}},"8":{"start":{"line":39,"column":6},"end":{"line":39,"column":null}},"9":{"start":{"line":44,"column":22},"end":{"line":44,"column":null}}},"fnMap":{"0":{"name":"(anonymous_0)","decl":{"start":{"line":12,"column":10},"end":{"line":12,"column":null}},"loc":{"start":{"line":16,"column":12},"end":{"line":20,"column":null}},"line":16},"1":{"name":"(anonymous_1)","decl":{"start":{"line":22,"column":2},"end":{"line":22,"column":7}},"loc":{"start":{"line":22,"column":52},"end":{"line":24,"column":null}},"line":22},"2":{"name":"(anonymous_2)","decl":{"start":{"line":26,"column":2},"end":{"line":26,"column":7}},"loc":{"start":{"line":26,"column":52},"end":{"line":28,"column":null}},"line":26},"3":{"name":"(anonymous_3)","decl":{"start":{"line":30,"column":2},"end":{"line":30,"column":8}},"loc":{"start":{"line":30,"column":68},"end":{"line":35,"column":null}},"line":30},"4":{"name":"(anonymous_4)","decl":{"start":{"line":37,"column":2},"end":{"line":37,"column":8}},"loc":{"start":{"line":37,"column":53},"end":{"line":41,"column":null}},"line":37}},"branchMap":{"0":{"loc":{"start":{"line":18,"column":23},"end":{"line":18,"column":null}},"type":"cond-expr","locations":[{"start":{"line":18,"column":33},"end":{"line":18,"column":65}},{"start":{"line":18,"column":65},"end":{"line":18,"column":null}}],"line":18},"1":{"loc":{"start":{"line":31,"column":25},"end":{"line":33,"column":null}},"type":"cond-expr","locations":[{"start":{"line":32,"column":8},"end":{"line":32,"column":null}},{"start":{"line":33,"column":8},"end":{"line":33,"column":null}}],"line":31},"2":{"loc":{"start":{"line":38,"column":4},"end":{"line":40,"column":null}},"type":"if","locations":[{"start":{"line":38,"column":4},"end":{"line":40,"column":null}},{"start":{},"end":{}}],"line":38}},"s":{"0":9,"1":9,"2":9,"3":3,"4":2,"5":3,"6":3,"7":2,"8":1,"9":2},"f":{"0":9,"1":3,"2":2,"3":3,"4":2},"b":{"0":[4,5],"1":[2,1],"2":[1,1]},"meta":{"lastBranch":3,"lastFunction":5,"lastStatement":10,"seen":{"f:12:10:12:Infinity":0,"s:17:10:17:Infinity":0,"s:18:23:18:Infinity":1,"b:18:33:18:65:18:65:18:Infinity":0,"s:19:4:19:Infinity":2,"f:22:2:22:7":1,"s:23:4:23:Infinity":3,"f:26:2:26:7":2,"s:27:4:27:Infinity":4,"f:30:2:30:8":3,"s:31:25:33:Infinity":5,"b:32:8:32:Infinity:33:8:33:Infinity":1,"s:34:4:34:Infinity":6,"f:37:2:37:8":4,"b:38:4:40:Infinity:undefined:undefined:undefined:undefined":2,"s:38:4:40:Infinity":7,"s:39:6:39:Infinity":8,"s:44:22:44:Infinity":9}}}
,"/Users/lennycopeaux/Desktop/💻 Dev/yallo/src/lib/rate-limit.ts": {"path":"/Users/lennycopeaux/Desktop/💻 Dev/yallo/src/lib/rate-limit.ts","statementMap":{"0":{"start":{"line":8,"column":23},"end":{"line":8,"column":null}},"1":{"start":{"line":10,"column":21},"end":{"line":10,"column":null}},"2":{"start":{"line":11,"column":18},"end":{"line":11,"column":null}},"3":{"start":{"line":18,"column":14},"end":{"line":18,"column":null}},"4":{"start":{"line":19,"column":25},"end":{"line":19,"column":null}},"5":{"start":{"line":21,"column":2},"end":{"line":24,"column":null}},"6":{"start":{"line":22,"column":4},"end":{"line":22,"column":null}},"7":{"start":{"line":23,"column":4},"end":{"line":23,"column":null}},"8":{"start":{"line":26,"column":2},"end":{"line":28,"column":null}},"9":{"start":{"line":27,"column":4},"end":{"line":27,"column":null}},"10":{"start":{"line":30,"column":2},"end":{"line":30,"column":null}},"11":{"start":{"line":31,"column":2},"end":{"line":31,"column":null}},"12":{"start":{"line":36,"column":4},"end":{"line":38,"column":null}},"13":{"start":{"line":39,"column":2},"end":{"line":39,"column":null}},"14":{"start":{"line":43,"column":14},"end":{"line":43,"column":null}},"15":{"start":{"line":44,"column":2},"end":{"line":48,"column":null}},"16":{"start":{"line":45,"column":4},"end":{"line":47,"column":null}},"17":{"start":{"line":46,"column":6},"end":{"line":46,"column":null}}},"fnMap":{"0":{"name":"rateLimit","decl":{"start":{"line":13,"column":16},"end":{"line":13,"column":null}},"loc":{"start":{"line":17,"column":11},"end":{"line":32,"column":null}},"line":17},"1":{"name":"getRateLimitIdentifier","decl":{"start":{"line":34,"column":16},"end":{"line":34,"column":39}},"loc":{"start":{"line":34,"column":69},"end":{"line":40,"column":null}},"line":34},"2":{"name":"cleanupExpiredRecords","decl":{"start":{"line":42,"column":16},"end":{"line":42,"column":46}},"loc":{"start":{"line":42,"column":46},"end":{"line":49,"column":null}},"line":42}},"branchMap":{"0":{"loc":{"start":{"line":15,"column":2},"end":{"line":15,"column":null}},"type":"default-arg","locations":[{"start":{"line":15,"column":18},"end":{"line":15,"column":null}}],"line":15},"1":{"loc":{"start":{"line":16,"column":2},"end":{"line":16,"column":null}},"type":"default-arg","locations":[{"start":{"line":16,"column":21},"end":{"line":16,"column":null}}],"line":16},"2":{"loc":{"start":{"line":21,"column":2},"end":{"line":24,"column":null}},"type":"if","locations":[{"start":{"line":21,"column":2},"end":{"line":24,"column":null}},{"start":{},"end":{}}],"line":21},"3":{"loc":{"start":{"line":21,"column":6},"end":{"line":21,"column":57}},"type":"binary-expr","locations":[{"start":{"line":21,"column":6},"end":{"line":21,"column":25}},{"start":{"line":21,"column":25},"end":{"line":21,"column":57}}],"line":21},"4":{"loc":{"start":{"line":26,"column":2},"end":{"line":28,"column":null}},"type":"if","locations":[{"start":{"line":26,"column":2},"end":{"line":28,"column":null}},{"start":{},"end":{}}],"line":26},"5":{"loc":{"start":{"line":36,"column":4},"end":{"line":38,"column":null}},"type":"binary-expr","locations":[{"start":{"line":36,"column":4},"end":{"line":36,"column":null}},{"start":{"line":37,"column":4},"end":{"line":37,"column":null}},{"start":{"line":38,"column":4},"end":{"line":38,"column":null}}],"line":36},"6":{"loc":{"start":{"line":45,"column":4},"end":{"line":47,"column":null}},"type":"if","locations":[{"start":{"line":45,"column":4},"end":{"line":47,"column":null}},{"start":{},"end":{}}],"line":45}},"s":{"0":1,"1":1,"2":1,"3":31,"4":31,"5":31,"6":9,"7":9,"8":22,"9":4,"10":18,"11":18,"12":4,"13":4,"14":11,"15":11,"16":48,"17":2},"f":{"0":31,"1":4,"2":11},"b":{"0":[31],"1":[31],"2":[9,22],"3":[31,23],"4":[4,18],"5":[4,2,1],"6":[2,46]},"meta":{"lastBranch":7,"lastFunction":3,"lastStatement":18,"seen":{"s:8:23:8:Infinity":0,"s:10:21:10:Infinity":1,"s:11:18:11:Infinity":2,"f:13:16:13:Infinity":0,"b:15:18:15:Infinity":0,"b:16:21:16:Infinity":1,"s:18:14:18:Infinity":3,"s:19:25:19:Infinity":4,"b:21:2:24:Infinity:undefined:undefined:undefined:undefined":2,"s:21:2:24:Infinity":5,"b:21:6:21:25:21:25:21:57":3,"s:22:4:22:Infinity":6,"s:23:4:23:Infinity":7,"b:26:2:28:Infinity:undefined:undefined:undefined:undefined":4,"s:26:2:28:Infinity":8,"s:27:4:27:Infinity":9,"s:30:2:30:Infinity":10,"s:31:2:31:Infinity":11,"f:34:16:34:39":1,"s:36:4:38:Infinity":12,"b:36:4:36:Infinity:37:4:37:Infinity:38:4:38:Infinity":5,"s:39:2:39:Infinity":13,"f:42:16:42:46":2,"s:43:14:43:Infinity":14,"s:44:2:48:Infinity":15,"b:45:4:47:Infinity:undefined:undefined:undefined:undefined":6,"s:45:4:47:Infinity":16,"s:46:6:46:Infinity":17}}}
,"/Users/lennycopeaux/Desktop/💻 Dev/yallo/src/lib/utils.ts": {"path":"/Users/lennycopeaux/Desktop/💻 Dev/yallo/src/lib/utils.ts","statementMap":{"0":{"start":{"line":5,"column":2},"end":{"line":5,"column":null}},"1":{"start":{"line":9,"column":25},"end":{"line":9,"column":null}},"2":{"start":{"line":12,"column":5},"end":{"line":13,"column":null}},"3":{"start":{"line":15,"column":2},"end":{"line":18,"column":null}},"4":{"start":{"line":16,"column":17},"end":{"line":16,"column":null}},"5":{"start":{"line":17,"column":4},"end":{"line":17,"column":null}},"6":{"start":{"line":20,"column":2},"end":{"line":20,"column":null}},"7":{"start":{"line":24,"column":25},"end":{"line":24,"column":null}},"8":{"start":{"line":26,"column":2},"end":{"line":28,"column":null}},"9":{"start":{"line":27,"column":4},"end":{"line":27,"column":null}},"10":{"start":{"line":30,"column":16},"end":{"line":30,"column":null}},"11":{"start":{"line":32,"column":2},"end":{"line":35,"column":null}},"12":{"start":{"line":33,"column":17},"end":{"line":33,"column":null}},"13":{"start":{"line":34,"column":4},"end":{"line":34,"column":null}},"14":{"start":{"line":37,"column":20},"end":{"line":37,"column":null}},"15":{"start":{"line":38,"column":2},"end":{"line":40,"column":null}},"16":{"start":{"line":39,"column":4},"end":{"line":39,"column":null}},"17":{"start":{"line":42,"column":2},"end":{"line":42,"column":null}},"18":{"start":{"line":58,"column":2},"end":{"line":58,"column":null}},"19":{"start":{"line":58,"column":20},"end":{"line":58,"column":null}},"20":{"start":{"line":61,"column":16},"end":{"line":61,"column":null}},"21":{"start":{"line":64,"column":2},"end":{"line":66,"column":null}},"22":{"start":{"line":65,"column":4},"end":{"line":65,"column":null}},"23":{"start":{"line":69,"column":2},"end":{"line":72,"column":null}},"24":{"start":{"line":70,"column":4},"end":{"line":70,"column":null}},"25":{"start":{"line":71,"column":4},"end":{"line":71,"column":null}},"26":{"start":{"line":75,"column":2},"end":{"line":78,"column":null}},"27":{"start":{"line":76,"column":4},"end":{"line":76,"column":null}},"28":{"start":{"line":77,"column":4},"end":{"line":77,"column":null}},"29":{"start":{"line":81,"column":2},"end":{"line":83,"column":null}},"30":{"start":{"line":82,"column":4},"end":{"line":82,"column":null}},"31":{"start":{"line":86,"column":2},"end":{"line":86,"column":null}}},"fnMap":{"0":{"name":"cn","decl":{"start":{"line":4,"column":16},"end":{"line":4,"column":22}},"loc":{"start":{"line":4,"column":44},"end":{"line":6,"column":null}},"line":4},"1":{"name":"getAppUrl","decl":{"start":{"line":8,"column":16},"end":{"line":8,"column":26}},"loc":{"start":{"line":8,"column":53},"end":{"line":21,"column":null}},"line":8},"2":{"name":"buildAppUrlServer","decl":{"start":{"line":23,"column":16},"end":{"line":23,"column":34}},"loc":{"start":{"line":23,"column":74},"end":{"line":43,"column":null}},"line":23},"3":{"name":"normalizeFrenchPhoneNumber","decl":{"start":{"line":57,"column":16},"end":{"line":57,"column":43}},"loc":{"start":{"line":57,"column":98},"end":{"line":87,"column":null}},"line":57}},"branchMap":{"0":{"loc":{"start":{"line":8,"column":26},"end":{"line":8,"column":53}},"type":"default-arg","locations":[{"start":{"line":8,"column":41},"end":{"line":8,"column":53}}],"line":8},"1":{"loc":{"start":{"line":9,"column":25},"end":{"line":9,"column":null}},"type":"cond-expr","locations":[{"start":{"line":9,"column":48},"end":{"line":9,"column":55}},{"start":{"line":9,"column":55},"end":{"line":9,"column":null}}],"line":9},"2":{"loc":{"start":{"line":12,"column":5},"end":{"line":13,"column":null}},"type":"binary-expr","locations":[{"start":{"line":12,"column":5},"end":{"line":12,"column":null}},{"start":{"line":13,"column":5},"end":{"line":13,"column":39}},{"start":{"line":13,"column":39},"end":{"line":13,"column":null}}],"line":12},"3":{"loc":{"start":{"line":15,"column":2},"end":{"line":18,"column":null}},"type":"if","locations":[{"start":{"line":15,"column":2},"end":{"line":18,"column":null}},{"start":{},"end":{}}],"line":15},"4":{"loc":{"start":{"line":16,"column":17},"end":{"line":16,"column":null}},"type":"binary-expr","locations":[{"start":{"line":16,"column":17},"end":{"line":16,"column":54}},{"start":{"line":16,"column":54},"end":{"line":16,"column":null}}],"line":16},"5":{"loc":{"start":{"line":24,"column":25},"end":{"line":24,"column":null}},"type":"cond-expr","locations":[{"start":{"line":24,"column":52},"end":{"line":24,"column":63}},{"start":{"line":24,"column":63},"end":{"line":24,"column":null}}],"line":24},"6":{"loc":{"start":{"line":26,"column":2},"end":{"line":28,"column":null}},"type":"if","locations":[{"start":{"line":26,"column":2},"end":{"line":28,"column":null}},{"start":{},"end":{}}],"line":26},"7":{"loc":{"start":{"line":32,"column":2},"end":{"line":35,"column":null}},"type":"if","locations":[{"start":{"line":32,"column":2},"end":{"line":35,"column":null}},{"start":{},"end":{}}],"line":32},"8":{"loc":{"start":{"line":33,"column":17},"end":{"line":33,"column":null}},"type":"binary-expr","locations":[{"start":{"line":33,"column":17},"end":{"line":33,"column":39}},{"start":{"line":33,"column":39},"end":{"line":33,"column":null}}],"line":33},"9":{"loc":{"start":{"line":38,"column":2},"end":{"line":40,"column":null}},"type":"if","locations":[{"start":{"line":38,"column":2},"end":{"line":40,"column":null}},{"start":{},"end":{}}],"line":38},"10":{"loc":{"start":{"line":58,"column":2},"end":{"line":58,"column":null}},"type":"if","locations":[{"start":{"line":58,"column":2},"end":{"line":58,"column":null}},{"start":{},"end":{}}],"line":58},"11":{"loc":{"start":{"line":64,"column":2},"end":{"line":66,"column":null}},"type":"if","locations":[{"start":{"line":64,"column":2},"end":{"line":66,"column":null}},{"start":{},"end":{}}],"line":64},"12":{"loc":{"start":{"line":69,"column":2},"end":{"line":72,"column":null}},"type":"if","locations":[{"start":{"line":69,"column":2},"end":{"line":72,"column":null}},{"start":{},"end":{}}],"line":69},"13":{"loc":{"start":{"line":75,"column":2},"end":{"line":78,"column":null}},"type":"if","locations":[{"start":{"line":75,"column":2},"end":{"line":78,"column":null}},{"start":{},"end":{}}],"line":75},"14":{"loc":{"start":{"line":81,"column":2},"end":{"line":83,"column":null}},"type":"if","locations":[{"start":{"line":81,"column":2},"end":{"line":83,"column":null}},{"start":{},"end":{}}],"line":81},"15":{"loc":{"start":{"line":81,"column":6},"end":{"line":81,"column":56}},"type":"binary-expr","locations":[{"start":{"line":81,"column":6},"end":{"line":81,"column":34}},{"start":{"line":81,"column":34},"end":{"line":81,"column":56}}],"line":81}},"s":{"0":22,"1":4,"2":4,"3":4,"4":1,"5":1,"6":3,"7":4,"8":4,"9":0,"10":4,"11":4,"12":2,"13":2,"14":2,"15":2,"16":0,"17":2,"18":0,"19":0,"20":0,"21":0,"22":0,"23":0,"24":0,"25":0,"26":0,"27":0,"28":0,"29":0,"30":0,"31":0},"f":{"0":22,"1":4,"2":4,"3":0},"b":{"0":[4],"1":[2,2],"2":[4,4,4],"3":[1,3],"4":[1,1],"5":[3,1],"6":[0,4],"7":[2,2],"8":[2,0],"9":[0,2],"10":[0,0],"11":[0,0],"12":[0,0],"13":[0,0],"14":[0,0],"15":[0,0]},"meta":{"lastBranch":16,"lastFunction":4,"lastStatement":32,"seen":{"f:4:16:4:22":0,"s:5:2:5:Infinity":0,"f:8:16:8:26":1,"b:8:41:8:53":0,"s:9:25:9:Infinity":1,"b:9:48:9:55:9:55:9:Infinity":1,"s:12:5:13:Infinity":2,"b:12:5:12:Infinity:13:5:13:39:13:39:13:Infinity":2,"b:15:2:18:Infinity:undefined:undefined:undefined:undefined":3,"s:15:2:18:Infinity":3,"s:16:17:16:Infinity":4,"b:16:17:16:54:16:54:16:Infinity":4,"s:17:4:17:Infinity":5,"s:20:2:20:Infinity":6,"f:23:16:23:34":2,"s:24:25:24:Infinity":7,"b:24:52:24:63:24:63:24:Infinity":5,"b:26:2:28:Infinity:undefined:undefined:undefined:undefined":6,"s:26:2:28:Infinity":8,"s:27:4:27:Infinity":9,"s:30:16:30:Infinity":10,"b:32:2:35:Infinity:undefined:undefined:undefined:undefined":7,"s:32:2:35:Infinity":11,"s:33:17:33:Infinity":12,"b:33:17:33:39:33:39:33:Infinity":8,"s:34:4:34:Infinity":13,"s:37:20:37:Infinity":14,"b:38:2:40:Infinity:undefined:undefined:undefined:undefined":9,"s:38:2:40:Infinity":15,"s:39:4:39:Infinity":16,"s:42:2:42:Infinity":17,"f:57:16:57:43":3,"b:58:2:58:Infinity:undefined:undefined:undefined:undefined":10,"s:58:2:58:Infinity":18,"s:58:20:58:Infinity":19,"s:61:16:61:Infinity":20,"b:64:2:66:Infinity:undefined:undefined:undefined:undefined":11,"s:64:2:66:Infinity":21,"s:65:4:65:Infinity":22,"b:69:2:72:Infinity:undefined:undefined:undefined:undefined":12,"s:69:2:72:Infinity":23,"s:70:4:70:Infinity":24,"s:71:4:71:Infinity":25,"b:75:2:78:Infinity:undefined:undefined:undefined:undefined":13,"s:75:2:78:Infinity":26,"s:76:4:76:Infinity":27,"s:77:4:77:Infinity":28,"b:81:2:83:Infinity:undefined:undefined:undefined:undefined":14,"s:81:2:83:Infinity":29,"b:81:6:81:34:81:34:81:56":15,"s:82:4:82:Infinity":30,"s:86:2:86:Infinity":31}}}
,"/Users/lennycopeaux/Desktop/💻 Dev/yallo/src/lib/services/hubrise.ts": {"path":"/Users/lennycopeaux/Desktop/💻 Dev/yallo/src/lib/services/hubrise.ts","statementMap":{"0":{"start":{"line":7,"column":4},"end":{"line":7,"column":null}},"1":{"start":{"line":4,"column":11},"end":{"line":4,"column":null}},"2":{"start":{"line":5,"column":11},"end":{"line":5,"column":null}},"3":{"start":{"line":8,"column":4},"end":{"line":8,"column":null}},"4":{"start":{"line":22,"column":2},"end":{"line":22,"column":null}},"5":{"start":{"line":27,"column":2},"end":{"line":29,"column":null}},"6":{"start":{"line":28,"column":4},"end":{"line":28,"column":null}},"7":{"start":{"line":30,"column":2},"end":{"line":32,"column":null}},"8":{"start":{"line":31,"column":4},"end":{"line":31,"column":null}},"9":{"start":{"line":33,"column":18},"end":{"line":33,"column":null}},"10":{"start":{"line":33,"column":41},"end":{"line":33,"column":81}},"11":{"start":{"line":34,"column":15},"end":{"line":34,"column":null}},"12":{"start":{"line":35,"column":17},"end":{"line":37,"column":null}},"13":{"start":{"line":36,"column":14},"end":{"line":36,"column":null}},"14":{"start":{"line":38,"column":2},"end":{"line":38,"column":null}},"15":{"start":{"line":46,"column":2},"end":{"line":48,"column":null}},"16":{"start":{"line":47,"column":4},"end":{"line":47,"column":null}},"17":{"start":{"line":50,"column":27},"end":{"line":50,"column":null}},"18":{"start":{"line":52,"column":2},"end":{"line":142,"column":null}},"19":{"start":{"line":55,"column":4},"end":{"line":96,"column":null}},"20":{"start":{"line":56,"column":6},"end":{"line":56,"column":null}},"21":{"start":{"line":58,"column":30},"end":{"line":58,"column":null}},"22":{"start":{"line":60,"column":31},"end":{"line":66,"column":null}},"23":{"start":{"line":68,"column":6},"end":{"line":84,"column":null}},"24":{"start":{"line":69,"column":26},"end":{"line":69,"column":null}},"25":{"start":{"line":69,"column":68},"end":{"line":69,"column":83}},"26":{"start":{"line":71,"column":8},"end":{"line":77,"column":null}},"27":{"start":{"line":72,"column":10},"end":{"line":76,"column":null}},"28":{"start":{"line":79,"column":8},"end":{"line":83,"column":null}},"29":{"start":{"line":86,"column":53},"end":{"line":86,"column":null}},"30":{"start":{"line":88,"column":6},"end":{"line":93,"column":null}},"31":{"start":{"line":89,"column":8},"end":{"line":92,"column":null}},"32":{"start":{"line":95,"column":6},"end":{"line":95,"column":null}},"33":{"start":{"line":98,"column":23},"end":{"line":98,"column":null}},"34":{"start":{"line":100,"column":28},"end":{"line":106,"column":null}},"35":{"start":{"line":108,"column":4},"end":{"line":124,"column":null}},"36":{"start":{"line":109,"column":24},"end":{"line":109,"column":null}},"37":{"start":{"line":109,"column":65},"end":{"line":109,"column":80}},"38":{"start":{"line":111,"column":6},"end":{"line":117,"column":null}},"39":{"start":{"line":112,"column":8},"end":{"line":116,"column":null}},"40":{"start":{"line":119,"column":6},"end":{"line":123,"column":null}},"41":{"start":{"line":126,"column":24},"end":{"line":126,"column":null}},"42":{"start":{"line":127,"column":4},"end":{"line":127,"column":null}},"43":{"start":{"line":129,"column":4},"end":{"line":131,"column":null}},"44":{"start":{"line":130,"column":6},"end":{"line":130,"column":null}},"45":{"start":{"line":133,"column":4},"end":{"line":139,"column":null}},"46":{"start":{"line":134,"column":6},"end":{"line":138,"column":null}},"47":{"start":{"line":141,"column":4},"end":{"line":141,"column":null}},"48":{"start":{"line":175,"column":2},"end":{"line":177,"column":null}},"49":{"start":{"line":176,"column":4},"end":{"line":176,"column":null}},"50":{"start":{"line":179,"column":41},"end":{"line":189,"column":null}},"51":{"start":{"line":181,"column":6},"end":{"line":183,"column":null}},"52":{"start":{"line":184,"column":4},"end":{"line":188,"column":null}},"53":{"start":{"line":191,"column":40},"end":{"line":204,"column":null}},"54":{"start":{"line":206,"column":2},"end":{"line":209,"column":null}},"55":{"start":{"line":207,"column":4},"end":{"line":207,"column":null}},"56":{"start":{"line":208,"column":4},"end":{"line":208,"column":null}},"57":{"start":{"line":211,"column":2},"end":{"line":213,"column":null}},"58":{"start":{"line":212,"column":4},"end":{"line":212,"column":null}},"59":{"start":{"line":215,"column":14},"end":{"line":215,"column":null}},"60":{"start":{"line":217,"column":2},"end":{"line":243,"column":null}},"61":{"start":{"line":218,"column":21},"end":{"line":225,"column":null}},"62":{"start":{"line":227,"column":4},"end":{"line":234,"column":null}},"63":{"start":{"line":228,"column":24},"end":{"line":228,"column":null}},"64":{"start":{"line":228,"column":58},"end":{"line":228,"column":73}},"65":{"start":{"line":229,"column":6},"end":{"line":233,"column":null}},"66":{"start":{"line":236,"column":4},"end":{"line":238,"column":null}},"67":{"start":{"line":237,"column":6},"end":{"line":237,"column":null}},"68":{"start":{"line":239,"column":4},"end":{"line":241,"column":null}},"69":{"start":{"line":240,"column":6},"end":{"line":240,"column":null}},"70":{"start":{"line":242,"column":4},"end":{"line":242,"column":null}}},"fnMap":{"0":{"name":"(anonymous_0)","decl":{"start":{"line":2,"column":2},"end":{"line":2,"column":null}},"loc":{"start":{"line":6,"column":4},"end":{"line":9,"column":null}},"line":6},"1":{"name":"looksLikeTestHubriseCatalogName","decl":{"start":{"line":21,"column":9},"end":{"line":21,"column":41}},"loc":{"start":{"line":21,"column":64},"end":{"line":23,"column":null}},"line":21},"2":{"name":"pickDefaultHubriseCatalogId","decl":{"start":{"line":26,"column":9},"end":{"line":26,"column":37}},"loc":{"start":{"line":26,"column":81},"end":{"line":39,"column":null}},"line":26},"3":{"name":"(anonymous_3)","decl":{"start":{"line":33,"column":34},"end":{"line":33,"column":35}},"loc":{"start":{"line":33,"column":41},"end":{"line":33,"column":81}},"line":33},"4":{"name":"(anonymous_4)","decl":{"start":{"line":36,"column":4},"end":{"line":36,"column":5}},"loc":{"start":{"line":36,"column":14},"end":{"line":36,"column":null}},"line":36},"5":{"name":"fetchHubriseCatalog","decl":{"start":{"line":41,"column":22},"end":{"line":41,"column":null}},"loc":{"start":{"line":45,"column":19},"end":{"line":143,"column":null}},"line":45},"6":{"name":"(anonymous_6)","decl":{"start":{"line":69,"column":62},"end":{"line":69,"column":68}},"loc":{"start":{"line":69,"column":68},"end":{"line":69,"column":83}},"line":69},"7":{"name":"(anonymous_7)","decl":{"start":{"line":109,"column":59},"end":{"line":109,"column":65}},"loc":{"start":{"line":109,"column":65},"end":{"line":109,"column":80}},"line":109},"8":{"name":"pushVoiceOrderToHubrise","decl":{"start":{"line":170,"column":22},"end":{"line":170,"column":null}},"loc":{"start":{"line":174,"column":17},"end":{"line":244,"column":null}},"line":174},"9":{"name":"(anonymous_9)","decl":{"start":{"line":179,"column":57},"end":{"line":179,"column":58}},"loc":{"start":{"line":179,"column":67},"end":{"line":189,"column":3}},"line":179},"10":{"name":"(anonymous_10)","decl":{"start":{"line":228,"column":52},"end":{"line":228,"column":58}},"loc":{"start":{"line":228,"column":58},"end":{"line":228,"column":73}},"line":228}},"branchMap":{"0":{"loc":{"start":{"line":27,"column":2},"end":{"line":29,"column":null}},"type":"if","locations":[{"start":{"line":27,"column":2},"end":{"line":29,"column":null}},{"start":{},"end":{}}],"line":27},"1":{"loc":{"start":{"line":30,"column":2},"end":{"line":32,"column":null}},"type":"if","locations":[{"start":{"line":30,"column":2},"end":{"line":32,"column":null}},{"start":{},"end":{}}],"line":30},"2":{"loc":{"start":{"line":34,"column":15},"end":{"line":34,"column":null}},"type":"cond-expr","locations":[{"start":{"line":34,"column":36},"end":{"line":34,"column":46}},{"start":{"line":34,"column":46},"end":{"line":34,"column":null}}],"line":34},"3":{"loc":{"start":{"line":46,"column":2},"end":{"line":48,"column":null}},"type":"if","locations":[{"start":{"line":46,"column":2},"end":{"line":48,"column":null}},{"start":{},"end":{}}],"line":46},"4":{"loc":{"start":{"line":46,"column":6},"end":{"line":46,"column":35}},"type":"binary-expr","locations":[{"start":{"line":46,"column":6},"end":{"line":46,"column":22}},{"start":{"line":46,"column":22},"end":{"line":46,"column":35}}],"line":46},"5":{"loc":{"start":{"line":50,"column":27},"end":{"line":50,"column":null}},"type":"binary-expr","locations":[{"start":{"line":50,"column":27},"end":{"line":50,"column":57}},{"start":{"line":50,"column":57},"end":{"line":50,"column":null}}],"line":50},"6":{"loc":{"start":{"line":55,"column":4},"end":{"line":96,"column":null}},"type":"if","locations":[{"start":{"line":55,"column":4},"end":{"line":96,"column":null}},{"start":{"line":57,"column":11},"end":{"line":96,"column":null}}],"line":55},"7":{"loc":{"start":{"line":68,"column":6},"end":{"line":84,"column":null}},"type":"if","locations":[{"start":{"line":68,"column":6},"end":{"line":84,"column":null}},{"start":{},"end":{}}],"line":68},"8":{"loc":{"start":{"line":71,"column":8},"end":{"line":77,"column":null}},"type":"if","locations":[{"start":{"line":71,"column":8},"end":{"line":77,"column":null}},{"start":{},"end":{}}],"line":71},"9":{"loc":{"start":{"line":71,"column":12},"end":{"line":71,"column":80}},"type":"binary-expr","locations":[{"start":{"line":71,"column":12},"end":{"line":71,"column":47}},{"start":{"line":71,"column":47},"end":{"line":71,"column":80}}],"line":71},"10":{"loc":{"start":{"line":88,"column":6},"end":{"line":93,"column":null}},"type":"if","locations":[{"start":{"line":88,"column":6},"end":{"line":93,"column":null}},{"start":{},"end":{}}],"line":88},"11":{"loc":{"start":{"line":88,"column":10},"end":{"line":88,"column":54}},"type":"binary-expr","locations":[{"start":{"line":88,"column":10},"end":{"line":88,"column":27}},{"start":{"line":88,"column":27},"end":{"line":88,"column":54}}],"line":88},"12":{"loc":{"start":{"line":108,"column":4},"end":{"line":124,"column":null}},"type":"if","locations":[{"start":{"line":108,"column":4},"end":{"line":124,"column":null}},{"start":{},"end":{}}],"line":108},"13":{"loc":{"start":{"line":111,"column":6},"end":{"line":117,"column":null}},"type":"if","locations":[{"start":{"line":111,"column":6},"end":{"line":117,"column":null}},{"start":{},"end":{}}],"line":111},"14":{"loc":{"start":{"line":129,"column":4},"end":{"line":131,"column":null}},"type":"if","locations":[{"start":{"line":129,"column":4},"end":{"line":131,"column":null}},{"start":{},"end":{}}],"line":129},"15":{"loc":{"start":{"line":133,"column":4},"end":{"line":139,"column":null}},"type":"if","locations":[{"start":{"line":133,"column":4},"end":{"line":139,"column":null}},{"start":{},"end":{}}],"line":133},"16":{"loc":{"start":{"line":175,"column":2},"end":{"line":177,"column":null}},"type":"if","locations":[{"start":{"line":175,"column":2},"end":{"line":177,"column":null}},{"start":{},"end":{}}],"line":175},"17":{"loc":{"start":{"line":175,"column":6},"end":{"line":175,"column":35}},"type":"binary-expr","locations":[{"start":{"line":175,"column":6},"end":{"line":175,"column":22}},{"start":{"line":175,"column":22},"end":{"line":175,"column":35}}],"line":175},"18":{"loc":{"start":{"line":181,"column":6},"end":{"line":183,"column":null}},"type":"cond-expr","locations":[{"start":{"line":182,"column":10},"end":{"line":182,"column":null}},{"start":{"line":183,"column":10},"end":{"line":183,"column":null}}],"line":181},"19":{"loc":{"start":{"line":181,"column":6},"end":{"line":181,"column":null}},"type":"binary-expr","locations":[{"start":{"line":181,"column":6},"end":{"line":181,"column":36}},{"start":{"line":181,"column":36},"end":{"line":181,"column":null}}],"line":181},"20":{"loc":{"start":{"line":199,"column":10},"end":{"line":199,"column":null}},"type":"cond-expr","locations":[{"start":{"line":199,"column":42},"end":{"line":199,"column":79}},{"start":{"line":199,"column":79},"end":{"line":199,"column":null}}],"line":199},"21":{"loc":{"start":{"line":200,"column":10},"end":{"line":202,"column":null}},"type":"cond-expr","locations":[{"start":{"line":201,"column":10},"end":{"line":201,"column":null}},{"start":{"line":202,"column":10},"end":{"line":202,"column":null}}],"line":200},"22":{"loc":{"start":{"line":200,"column":10},"end":{"line":200,"column":null}},"type":"binary-expr","locations":[{"start":{"line":200,"column":10},"end":{"line":200,"column":47}},{"start":{"line":200,"column":47},"end":{"line":200,"column":null}}],"line":200},"23":{"loc":{"start":{"line":206,"column":2},"end":{"line":209,"column":null}},"type":"if","locations":[{"start":{"line":206,"column":2},"end":{"line":209,"column":null}},{"start":{},"end":{}}],"line":206},"24":{"loc":{"start":{"line":206,"column":6},"end":{"line":206,"column":77}},"type":"binary-expr","locations":[{"start":{"line":206,"column":6},"end":{"line":206,"column":45}},{"start":{"line":206,"column":45},"end":{"line":206,"column":77}}],"line":206},"25":{"loc":{"start":{"line":211,"column":2},"end":{"line":213,"column":null}},"type":"if","locations":[{"start":{"line":211,"column":2},"end":{"line":213,"column":null}},{"start":{},"end":{}}],"line":211},"26":{"loc":{"start":{"line":211,"column":6},"end":{"line":211,"column":83}},"type":"binary-expr","locations":[{"start":{"line":211,"column":6},"end":{"line":211,"column":35}},{"start":{"line":211,"column":35},"end":{"line":211,"column":59}},{"start":{"line":211,"column":59},"end":{"line":211,"column":83}}],"line":211},"27":{"loc":{"start":{"line":227,"column":4},"end":{"line":234,"column":null}},"type":"if","locations":[{"start":{"line":227,"column":4},"end":{"line":234,"column":null}},{"start":{},"end":{}}],"line":227},"28":{"loc":{"start":{"line":236,"column":4},"end":{"line":238,"column":null}},"type":"if","locations":[{"start":{"line":236,"column":4},"end":{"line":238,"column":null}},{"start":{},"end":{}}],"line":236},"29":{"loc":{"start":{"line":239,"column":4},"end":{"line":241,"column":null}},"type":"if","locations":[{"start":{"line":239,"column":4},"end":{"line":241,"column":null}},{"start":{},"end":{}}],"line":239}},"s":{"0":12,"1":12,"2":12,"3":12,"4":2,"5":3,"6":0,"7":3,"8":2,"9":1,"10":2,"11":1,"12":3,"13":0,"14":3,"15":11,"16":3,"17":8,"18":11,"19":11,"20":1,"21":7,"22":7,"23":6,"24":2,"25":0,"26":2,"27":2,"28":0,"29":4,"30":4,"31":1,"32":3,"33":4,"34":4,"35":4,"36":1,"37":0,"38":1,"39":1,"40":0,"41":3,"42":3,"43":5,"44":4,"45":1,"46":1,"47":0,"48":0,"49":0,"50":0,"51":0,"52":0,"53":0,"54":0,"55":0,"56":0,"57":0,"58":0,"59":0,"60":0,"61":0,"62":0,"63":0,"64":0,"65":0,"66":0,"67":0,"68":0,"69":0,"70":0},"f":{"0":12,"1":2,"2":3,"3":2,"4":0,"5":11,"6":0,"7":0,"8":0,"9":0,"10":0},"b":{"0":[0,3],"1":[2,1],"2":[1,0],"3":[3,8],"4":[11,9],"5":[8,7],"6":[1,7],"7":[2,4],"8":[2,0],"9":[2,1],"10":[1,3],"11":[4,4],"12":[1,3],"13":[1,0],"14":[4,1],"15":[1,0],"16":[0,0],"17":[0,0],"18":[0,0],"19":[0,0],"20":[0,0],"21":[0,0],"22":[0,0],"23":[0,0],"24":[0,0],"25":[0,0],"26":[0,0,0],"27":[0,0],"28":[0,0],"29":[0,0]},"meta":{"lastBranch":30,"lastFunction":11,"lastStatement":71,"seen":{"f:2:2:2:Infinity":0,"s:7:4:7:Infinity":0,"s:4:11:4:Infinity":1,"s:5:11:5:Infinity":2,"s:8:4:8:Infinity":3,"f:21:9:21:41":1,"s:22:2:22:Infinity":4,"f:26:9:26:37":2,"b:27:2:29:Infinity:undefined:undefined:undefined:undefined":0,"s:27:2:29:Infinity":5,"s:28:4:28:Infinity":6,"b:30:2:32:Infinity:undefined:undefined:undefined:undefined":1,"s:30:2:32:Infinity":7,"s:31:4:31:Infinity":8,"s:33:18:33:Infinity":9,"f:33:34:33:35":3,"s:33:41:33:81":10,"s:34:15:34:Infinity":11,"b:34:36:34:46:34:46:34:Infinity":2,"s:35:17:37:Infinity":12,"f:36:4:36:5":4,"s:36:14:36:Infinity":13,"s:38:2:38:Infinity":14,"f:41:22:41:Infinity":5,"b:46:2:48:Infinity:undefined:undefined:undefined:undefined":3,"s:46:2:48:Infinity":15,"b:46:6:46:22:46:22:46:35":4,"s:47:4:47:Infinity":16,"s:50:27:50:Infinity":17,"b:50:27:50:57:50:57:50:Infinity":5,"s:52:2:142:Infinity":18,"b:55:4:96:Infinity:57:11:96:Infinity":6,"s:55:4:96:Infinity":19,"s:56:6:56:Infinity":20,"s:58:30:58:Infinity":21,"s:60:31:66:Infinity":22,"b:68:6:84:Infinity:undefined:undefined:undefined:undefined":7,"s:68:6:84:Infinity":23,"s:69:26:69:Infinity":24,"f:69:62:69:68":6,"s:69:68:69:83":25,"b:71:8:77:Infinity:undefined:undefined:undefined:undefined":8,"s:71:8:77:Infinity":26,"b:71:12:71:47:71:47:71:80":9,"s:72:10:76:Infinity":27,"s:79:8:83:Infinity":28,"s:86:53:86:Infinity":29,"b:88:6:93:Infinity:undefined:undefined:undefined:undefined":10,"s:88:6:93:Infinity":30,"b:88:10:88:27:88:27:88:54":11,"s:89:8:92:Infinity":31,"s:95:6:95:Infinity":32,"s:98:23:98:Infinity":33,"s:100:28:106:Infinity":34,"b:108:4:124:Infinity:undefined:undefined:undefined:undefined":12,"s:108:4:124:Infinity":35,"s:109:24:109:Infinity":36,"f:109:59:109:65":7,"s:109:65:109:80":37,"b:111:6:117:Infinity:undefined:undefined:undefined:undefined":13,"s:111:6:117:Infinity":38,"s:112:8:116:Infinity":39,"s:119:6:123:Infinity":40,"s:126:24:126:Infinity":41,"s:127:4:127:Infinity":42,"b:129:4:131:Infinity:undefined:undefined:undefined:undefined":14,"s:129:4:131:Infinity":43,"s:130:6:130:Infinity":44,"b:133:4:139:Infinity:undefined:undefined:undefined:undefined":15,"s:133:4:139:Infinity":45,"s:134:6:138:Infinity":46,"s:141:4:141:Infinity":47,"f:170:22:170:Infinity":8,"b:175:2:177:Infinity:undefined:undefined:undefined:undefined":16,"s:175:2:177:Infinity":48,"b:175:6:175:22:175:22:175:35":17,"s:176:4:176:Infinity":49,"s:179:41:189:Infinity":50,"f:179:57:179:58":9,"s:181:6:183:Infinity":51,"b:182:10:182:Infinity:183:10:183:Infinity":18,"b:181:6:181:36:181:36:181:Infinity":19,"s:184:4:188:Infinity":52,"s:191:40:204:Infinity":53,"b:199:42:199:79:199:79:199:Infinity":20,"b:201:10:201:Infinity:202:10:202:Infinity":21,"b:200:10:200:47:200:47:200:Infinity":22,"b:206:2:209:Infinity:undefined:undefined:undefined:undefined":23,"s:206:2:209:Infinity":54,"b:206:6:206:45:206:45:206:77":24,"s:207:4:207:Infinity":55,"s:208:4:208:Infinity":56,"b:211:2:213:Infinity:undefined:undefined:undefined:undefined":25,"s:211:2:213:Infinity":57,"b:211:6:211:35:211:35:211:59:211:59:211:83":26,"s:212:4:212:Infinity":58,"s:215:14:215:Infinity":59,"s:217:2:243:Infinity":60,"s:218:21:225:Infinity":61,"b:227:4:234:Infinity:undefined:undefined:undefined:undefined":27,"s:227:4:234:Infinity":62,"s:228:24:228:Infinity":63,"f:228:52:228:58":10,"s:228:58:228:73":64,"s:229:6:233:Infinity":65,"b:236:4:238:Infinity:undefined:undefined:undefined:undefined":28,"s:236:4:238:Infinity":66,"s:237:6:237:Infinity":67,"b:239:4:241:Infinity:undefined:undefined:undefined:undefined":29,"s:239:4:241:Infinity":68,"s:240:6:240:Infinity":69,"s:242:4:242:Infinity":70}}}
,"/Users/lennycopeaux/Desktop/💻 Dev/yallo/src/lib/services/menu-parser.ts": {"path":"/Users/lennycopeaux/Desktop/💻 Dev/yallo/src/lib/services/menu-parser.ts","statementMap":{"0":{"start":{"line":5,"column":17},"end":{"line":5,"column":null}},"1":{"start":{"line":6,"column":2},"end":{"line":8,"column":null}},"2":{"start":{"line":7,"column":4},"end":{"line":7,"column":null}},"3":{"start":{"line":9,"column":2},"end":{"line":9,"column":null}},"4":{"start":{"line":12,"column":31},"end":{"line":12,"column":null}},"5":{"start":{"line":76,"column":2},"end":{"line":78,"column":null}},"6":{"start":{"line":77,"column":4},"end":{"line":77,"column":null}},"7":{"start":{"line":80,"column":2},"end":{"line":82,"column":null}},"8":{"start":{"line":81,"column":4},"end":{"line":81,"column":null}},"9":{"start":{"line":84,"column":17},"end":{"line":84,"column":null}},"10":{"start":{"line":86,"column":23},"end":{"line":89,"column":null}},"11":{"start":{"line":86,"column":47},"end":{"line":89,"column":4}},"12":{"start":{"line":91,"column":19},"end":{"line":111,"column":null}},"13":{"start":{"line":113,"column":18},"end":{"line":113,"column":null}},"14":{"start":{"line":115,"column":2},"end":{"line":117,"column":null}},"15":{"start":{"line":116,"column":4},"end":{"line":116,"column":null}},"16":{"start":{"line":119,"column":21},"end":{"line":119,"column":null}},"17":{"start":{"line":121,"column":2},"end":{"line":123,"column":null}},"18":{"start":{"line":122,"column":4},"end":{"line":122,"column":null}},"19":{"start":{"line":125,"column":2},"end":{"line":127,"column":null}},"20":{"start":{"line":126,"column":4},"end":{"line":126,"column":null}},"21":{"start":{"line":129,"column":2},"end":{"line":129,"column":null}},"22":{"start":{"line":133,"column":19},"end":{"line":138,"column":null}},"23":{"start":{"line":134,"column":4},"end":{"line":136,"column":null}},"24":{"start":{"line":135,"column":6},"end":{"line":135,"column":null}},"25":{"start":{"line":137,"column":4},"end":{"line":137,"column":null}},"26":{"start":{"line":140,"column":2},"end":{"line":140,"column":null}}},"fnMap":{"0":{"name":"getOpenAIClient","decl":{"start":{"line":4,"column":9},"end":{"line":4,"column":35}},"loc":{"start":{"line":4,"column":35},"end":{"line":10,"column":null}},"line":4},"1":{"name":"parseMenuFromImages","decl":{"start":{"line":75,"column":22},"end":{"line":75,"column":42}},"loc":{"start":{"line":75,"column":82},"end":{"line":130,"column":null}},"line":75},"2":{"name":"(anonymous_2)","decl":{"start":{"line":86,"column":37},"end":{"line":86,"column":38}},"loc":{"start":{"line":86,"column":47},"end":{"line":89,"column":4}},"line":86},"3":{"name":"parseMenuFromBase64Images","decl":{"start":{"line":132,"column":22},"end":{"line":132,"column":48}},"loc":{"start":{"line":132,"column":91},"end":{"line":141,"column":null}},"line":132},"4":{"name":"(anonymous_4)","decl":{"start":{"line":133,"column":36},"end":{"line":133,"column":37}},"loc":{"start":{"line":133,"column":48},"end":{"line":138,"column":3}},"line":133}},"branchMap":{"0":{"loc":{"start":{"line":6,"column":2},"end":{"line":8,"column":null}},"type":"if","locations":[{"start":{"line":6,"column":2},"end":{"line":8,"column":null}},{"start":{},"end":{}}],"line":6},"1":{"loc":{"start":{"line":76,"column":2},"end":{"line":78,"column":null}},"type":"if","locations":[{"start":{"line":76,"column":2},"end":{"line":78,"column":null}},{"start":{},"end":{}}],"line":76},"2":{"loc":{"start":{"line":80,"column":2},"end":{"line":82,"column":null}},"type":"if","locations":[{"start":{"line":80,"column":2},"end":{"line":82,"column":null}},{"start":{},"end":{}}],"line":80},"3":{"loc":{"start":{"line":103,"column":58},"end":{"line":103,"column":89}},"type":"cond-expr","locations":[{"start":{"line":103,"column":81},"end":{"line":103,"column":87}},{"start":{"line":103,"column":87},"end":{"line":103,"column":89}}],"line":103},"4":{"loc":{"start":{"line":115,"column":2},"end":{"line":117,"column":null}},"type":"if","locations":[{"start":{"line":115,"column":2},"end":{"line":117,"column":null}},{"start":{},"end":{}}],"line":115},"5":{"loc":{"start":{"line":121,"column":2},"end":{"line":123,"column":null}},"type":"if","locations":[{"start":{"line":121,"column":2},"end":{"line":123,"column":null}},{"start":{},"end":{}}],"line":121},"6":{"loc":{"start":{"line":125,"column":2},"end":{"line":127,"column":null}},"type":"if","locations":[{"start":{"line":125,"column":2},"end":{"line":127,"column":null}},{"start":{},"end":{}}],"line":125},"7":{"loc":{"start":{"line":134,"column":4},"end":{"line":136,"column":null}},"type":"if","locations":[{"start":{"line":134,"column":4},"end":{"line":136,"column":null}},{"start":{},"end":{}}],"line":134}},"s":{"0":6,"1":6,"2":1,"3":5,"4":8,"5":8,"6":1,"7":7,"8":1,"9":6,"10":6,"11":5,"12":6,"13":5,"14":8,"15":1,"16":4,"17":4,"18":1,"19":4,"20":1,"21":4,"22":2,"23":2,"24":1,"25":1,"26":2},"f":{"0":6,"1":8,"2":5,"3":2,"4":2},"b":{"0":[1,5],"1":[1,7],"2":[1,6],"3":[0,5],"4":[1,7],"5":[1,3],"6":[1,3],"7":[1,1]},"meta":{"lastBranch":8,"lastFunction":5,"lastStatement":27,"seen":{"f:4:9:4:35":0,"s:5:17:5:Infinity":0,"b:6:2:8:Infinity:undefined:undefined:undefined:undefined":0,"s:6:2:8:Infinity":1,"s:7:4:7:Infinity":2,"s:9:2:9:Infinity":3,"s:12:31:12:Infinity":4,"f:75:22:75:42":1,"b:76:2:78:Infinity:undefined:undefined:undefined:undefined":1,"s:76:2:78:Infinity":5,"s:77:4:77:Infinity":6,"b:80:2:82:Infinity:undefined:undefined:undefined:undefined":2,"s:80:2:82:Infinity":7,"s:81:4:81:Infinity":8,"s:84:17:84:Infinity":9,"s:86:23:89:Infinity":10,"f:86:37:86:38":2,"s:86:47:89:4":11,"s:91:19:111:Infinity":12,"b:103:81:103:87:103:87:103:89":3,"s:113:18:113:Infinity":13,"b:115:2:117:Infinity:undefined:undefined:undefined:undefined":4,"s:115:2:117:Infinity":14,"s:116:4:116:Infinity":15,"s:119:21:119:Infinity":16,"b:121:2:123:Infinity:undefined:undefined:undefined:undefined":5,"s:121:2:123:Infinity":17,"s:122:4:122:Infinity":18,"b:125:2:127:Infinity:undefined:undefined:undefined:undefined":6,"s:125:2:127:Infinity":19,"s:126:4:126:Infinity":20,"s:129:2:129:Infinity":21,"f:132:22:132:48":3,"s:133:19:138:Infinity":22,"f:133:36:133:37":4,"b:134:4:136:Infinity:undefined:undefined:undefined:undefined":7,"s:134:4:136:Infinity":23,"s:135:6:135:Infinity":24,"s:137:4:137:Infinity":25,"s:140:2:140:Infinity":26}}}
[...]
","locations":[{"start":{"line":75,"column":2},"end":{"line":77,"column":null}},{"start":{},"end":{}}],"line":75},"20":{"loc":{"start":{"line":78,"column":38},"end":{"line":78,"column":57}},"type":"binary-expr","locations":[{"start":{"line":78,"column":38},"end":{"line":78,"column":52}},{"start":{"line":78,"column":52},"end":{"line":78,"column":57}}],"line":78},"21":{"loc":{"start":{"line":79,"column":37},"end":{"line":79,"column":75}},"type":"binary-expr","locations":[{"start":{"line":79,"column":37},"end":{"line":79,"column":53}},{"start":{"line":79,"column":53},"end":{"line":79,"column":68}},{"start":{"line":79,"column":68},"end":{"line":79,"column":75}}],"line":79},"22":{"loc":{"start":{"line":80,"column":35},"end":{"line":80,"column":71}},"type":"binary-expr","locations":[{"start":{"line":80,"column":35},"end":{"line":80,"column":48}},{"start":{"line":80,"column":48},"end":{"line":80,"column":60}},{"start":{"line":80,"column":60},"end":{"line":80,"column":71}}],"line":80},"23":{"loc":{"start":{"line":85,"column":8},"end":{"line":85,"column":null}},"type":"cond-expr","locations":[{"start":{"line":85,"column":32},"end":{"line":85,"column":46}},{"start":{"line":85,"column":46},"end":{"line":85,"column":null}}],"line":85},"24":{"loc":{"start":{"line":95,"column":40},"end":{"line":95,"column":73}},"type":"binary-expr","locations":[{"start":{"line":95,"column":40},"end":{"line":95,"column":59}},{"start":{"line":95,"column":59},"end":{"line":95,"column":73}}],"line":95},"25":{"loc":{"start":{"line":96,"column":2},"end":{"line":98,"column":null}},"type":"if","locations":[{"start":{"line":96,"column":2},"end":{"line":98,"column":null}},{"start":{},"end":{}}],"line":96},"26":{"loc":{"start":{"line":101,"column":2},"end":{"line":103,"column":null}},"type":"if","locations":[{"start":{"line":101,"column":2},"end":{"line":103,"column":null}},{"start":{},"end":{}}],"line":101},"27":{"loc":{"start":{"line":101,"column":6},"end":{"line":101,"column":57}},"type":"binary-expr","locations":[{"start":{"line":101,"column":6},"end":{"line":101,"column":34}},{"start":{"line":101,"column":34},"end":{"line":101,"column":57}}],"line":101},"28":{"loc":{"start":{"line":108,"column":4},"end":{"line":110,"column":null}},"type":"if","locations":[{"start":{"line":108,"column":4},"end":{"line":110,"column":null}},{"start":{},"end":{}}],"line":108},"29":{"loc":{"start":{"line":112,"column":2},"end":{"line":114,"column":null}},"type":"if","locations":[{"start":{"line":112,"column":2},"end":{"line":114,"column":null}},{"start":{},"end":{}}],"line":112},"30":{"loc":{"start":{"line":116,"column":41},"end":{"line":116,"column":87}},"type":"binary-expr","locations":[{"start":{"line":116,"column":41},"end":{"line":116,"column":61}},{"start":{"line":116,"column":61},"end":{"line":116,"column":80}},{"start":{"line":116,"column":80},"end":{"line":116,"column":87}}],"line":116},"31":{"loc":{"start":{"line":117,"column":38},"end":{"line":117,"column":67}},"type":"binary-expr","locations":[{"start":{"line":117,"column":38},"end":{"line":117,"column":55}},{"start":{"line":117,"column":55},"end":{"line":117,"column":67}}],"line":117},"32":{"loc":{"start":{"line":118,"column":33},"end":{"line":118,"column":76}},"type":"binary-expr","locations":[{"start":{"line":118,"column":33},"end":{"line":118,"column":44}},{"start":{"line":118,"column":44},"end":{"line":118,"column":54}},{"start":{"line":118,"column":54},"end":{"line":118,"column":76}}],"line":118},"33":{"loc":{"start":{"line":123,"column":8},"end":{"line":123,"column":null}},"type":"cond-expr","locations":[{"start":{"line":123,"column":38},"end":{"line":123,"column":74}},{"start":{"line":123,"column":74},"end":{"line":123,"column":null}}],"line":123},"34":{"loc":{"start":{"line":124,"column":8},"end":{"line":124,"column":null}},"type":"cond-expr","locations":[{"start":{"line":124,"column":35},"end":{"line":124,"column":65}},{"start":{"line":124,"column":65},"end":{"line":124,"column":null}}],"line":124},"35":{"loc":{"start":{"line":125,"column":8},"end":{"line":125,"column":null}},"type":"cond-expr","locations":[{"start":{"line":125,"column":30},"end":{"line":125,"column":42}},{"start":{"line":125,"column":42},"end":{"line":125,"column":null}}],"line":125}},"s":{"0":4,"1":0,"2":4,"3":1,"4":1,"5":1,"6":1,"7":0,"8":0,"9":3,"10":3,"11":0,"12":14,"13":8,"14":6,"15":6,"16":2,"17":2,"18":0,"19":2,"20":2,"21":2,"22":0,"23":2,"24":2,"25":0,"26":2,"27":2,"28":2,"29":0,"30":2,"31":2,"32":2,"33":2,"34":4,"35":4,"36":4,"37":1,"38":3,"39":3,"40":1,"41":2,"42":2,"43":2,"44":2,"45":2,"46":2,"47":0,"48":2,"49":4,"50":4,"51":4},"f":{"0":4,"1":14,"2":2,"3":2,"4":2,"5":4},"b":{"0":[0,4],"1":[4,4],"2":[1,3],"3":[1,0],"4":[1,1,1],"5":[3,0],"6":[3,3],"7":[8,6],"8":[14,14],"9":[6,0],"10":[2,0],"11":[0,2],"12":[2,2],"13":[2,0],"14":[0,2],"15":[2,2],"16":[0,2],"17":[2,2,2],"18":[2,1],"19":[0,2],"20":[2,1],"21":[2,1,0],"22":[2,1,1],"23":[1,1],"24":[4,2],"25":[1,3],"26":[1,2],"27":[3,2],"28":[2,0],"29":[0,2],"30":[2,2,2],"31":[4,2],"32":[4,2,2],"33":[0,2],"34":[0,2],"35":[0,2]},"meta":{"lastBranch":36,"lastFunction":6,"lastStatement":52,"seen":{"f:21:9:21:31":0,"b:22:2:24:Infinity:undefined:undefined:undefined:undefined":0,"s:22:2:24:Infinity":0,"b:22:6:22:22:22:22:22:41":1,"s:23:4:23:Infinity":1,"b:25:2:35:Infinity:undefined:undefined:undefined:undefined":2,"s:25:2:35:Infinity":2,"s:26:4:34:Infinity":3,"s:27:30:27:Infinity":4,"b:28:6:30:Infinity:undefined:undefined:undefined:undefined":3,"s:28:6:30:Infinity":5,"b:28:10:28:29:28:29:28:59:28:59:28:83":4,"s:29:8:29:Infinity":6,"s:31:6:31:Infinity":7,"s:33:6:33:Infinity":8,"b:36:2:38:Infinity:undefined:undefined:undefined:undefined":5,"s:36:2:38:Infinity":9,"b:36:6:36:33:36:33:36:54":6,"s:37:4:37:Infinity":10,"s:39:2:39:Infinity":11,"f:42:9:42:26":1,"b:43:2:45:Infinity:undefined:undefined:undefined:undefined":7,"s:43:2:45:Infinity":12,"b:43:6:43:24:43:24:43:45":8,"s:44:4:44:Infinity":13,"s:46:12:46:Infinity":14,"s:47:2:47:Infinity":15,"b:47:24:47:28:47:28:47:Infinity":9,"f:50:9:50:28":2,"s:51:12:51:Infinity":16,"b:51:40:51:48:51:48:51:Infinity":10,"b:52:2:54:Infinity:undefined:undefined:undefined:undefined":11,"s:52:2:54:Infinity":17,"b:52:6:52:29:52:29:52:36":12,"s:53:4:53:Infinity":18,"s:55:2:55:Infinity":19,"f:61:9:61:26":3,"s:62:12:62:Infinity":20,"b:62:40:62:48:62:48:62:Infinity":13,"b:63:2:65:Infinity:undefined:undefined:undefined:undefined":14,"s:63:2:65:Infinity":21,"b:63:6:63:29:63:29:63:36":15,"s:64:4:64:Infinity":22,"s:66:2:66:Infinity":23,"f:69:9:69:23":4,"b:70:2:72:Infinity:undefined:undefined:undefined:undefined":16,"s:70:2:72:Infinity":24,"b:70:6:70:22:70:22:70:49:70:49:70:69":17,"s:71:4:71:Infinity":25,"s:73:12:73:Infinity":26,"s:74:22:74:Infinity":27,"b:74:39:74:57:74:57:74:70":18,"b:75:2:77:Infinity:undefined:undefined:undefined:undefined":19,"s:75:2:77:Infinity":28,"s:76:4:76:Infinity":29,"s:78:19:78:Infinity":30,"b:78:38:78:52:78:52:78:57":20,"s:79:20:79:Infinity":31,"b:79:37:79:53:79:53:79:68:79:68:79:75":21,"s:80:18:80:Infinity":32,"b:80:35:80:48:80:48:80:60:80:60:80:71":22,"s:81:2:86:Infinity":33,"b:85:32:85:46:85:46:85:Infinity":23,"f:93:16:93:44":5,"s:94:12:94:Infinity":34,"s:95:23:95:Infinity":35,"b:95:40:95:59:95:59:95:73":24,"b:96:2:98:Infinity:undefined:undefined:undefined:undefined":25,"s:96:2:98:Infinity":36,"s:97:4:97:Infinity":37,"s:100:19:100:Infinity":38,"b:101:2:103:Infinity:undefined:undefined:undefined:undefined":26,"s:101:2:103:Infinity":39,"b:101:6:101:34:101:34:101:57":27,"s:102:4:102:Infinity":40,"s:105:44:105:Infinity":41,"s:106:2:111:Infinity":42,"s:107:17:107:Infinity":43,"b:108:4:110:Infinity:undefined:undefined:undefined:undefined":28,"s:108:4:110:Infinity":44,"s:109:6:109:Infinity":45,"b:112:2:114:Infinity:undefined:undefined:undefined:undefined":29,"s:112:2:114:Infinity":46,"s:113:4:113:Infinity":47,"s:116:24:116:Infinity":48,"b:116:41:116:61:116:61:116:80:116:80:116:87":30,"s:117:21:117:Infinity":49,"b:117:38:117:55:117:55:117:67":31,"s:118:16:118:Infinity":50,"b:118:33:118:44:118:44:118:54:118:54:118:76":32,"s:120:2:126:Infinity":51,"b:123:38:123:74:123:74:123:Infinity":33,"b:124:35:124:65:124:65:124:Infinity":34,"b:125:30:125:42:125:42:125:Infinity":35}}}
,"/Users/lennycopeaux/Desktop/💻 Dev/yallo/src/lib/services/system-prompt.ts": {"path":"/Users/lennycopeaux/Desktop/💻 Dev/yallo/src/lib/services/system-prompt.ts","statementMap":{"0":{"start":{"line":8,"column":2},"end":{"line":30,"column":null}},"1":{"start":{"line":9,"column":4},"end":{"line":29,"column":null}},"2":{"start":{"line":10,"column":23},"end":{"line":14,"column":null}},"3":{"start":{"line":15,"column":6},"end":{"line":15,"column":null}},"4":{"start":{"line":18,"column":6},"end":{"line":24,"column":null}},"5":{"start":{"line":19,"column":8},"end":{"line":19,"column":null}},"6":{"start":{"line":20,"column":6},"end":{"line":24,"column":null}},"7":{"start":{"line":21,"column":8},"end":{"line":21,"column":null}},"8":{"start":{"line":23,"column":8},"end":{"line":23,"column":null}},"9":{"start":{"line":25,"column":6},"end":{"line":28,"column":null}},"10":{"start":{"line":32,"column":2},"end":{"line":32,"column":null}},"11":{"start":{"line":36,"column":2},"end":{"line":40,"column":null}},"12":{"start":{"line":37,"column":25},"end":{"line":37,"column":null}},"13":{"start":{"line":38,"column":20},"end":{"line":38,"column":null}},"14":{"start":{"line":39,"column":4},"end":{"line":39,"column":null}},"15":{"start":{"line":42,"column":47},"end":{"line":46,"column":null}},"16":{"start":{"line":48,"column":16},"end":{"line":48,"column":null}},"17":{"start":{"line":49,"column":2},"end":{"line":49,"column":null}},"18":{"start":{"line":56,"column":24},"end":{"line":56,"column":null}},"19":{"start":{"line":58,"column":2},"end":{"line":103,"column":null}}},"fnMap":{"0":{"name":"getMenuStructure","decl":{"start":{"line":7,"column":15},"end":{"line":7,"column":32}},"loc":{"start":{"line":7,"column":74},"end":{"line":33,"column":null}},"line":7},"1":{"name":"getKitchenStatusInstruction","decl":{"start":{"line":35,"column":9},"end":{"line":35,"column":37}},"loc":{"start":{"line":35,"column":69},"end":{"line":50,"column":null}},"line":35},"2":{"name":"generateSystemPrompt","decl":{"start":{"line":55,"column":22},"end":{"line":55,"column":43}},"loc":{"start":{"line":55,"column":84},"end":{"line":104,"column":null}},"line":55}},"branchMap":{"0":{"loc":{"start":{"line":8,"column":2},"end":{"line":30,"column":null}},"type":"if","locations":[{"start":{"line":8,"column":2},"end":{"line":30,"column":null}},{"start":{},"end":{}}],"line":8},"1":{"loc":{"start":{"line":8,"column":6},"end":{"line":8,"column":69}},"type":"binary-expr","locations":[{"start":{"line":8,"column":6},"end":{"line":8,"column":39}},{"start":{"line":8,"column":39},"end":{"line":8,"column":69}}],"line":8},"2":{"loc":{"start":{"line":18,"column":6},"end":{"line":24,"column":null}},"type":"if","locations":[{"start":{"line":18,"column":6},"end":{"line":24,"column":null}},{"start":{"line":20,"column":6},"end":{"line":24,"column":null}}],"line":18},"3":{"loc":{"start":{"line":20,"column":6},"end":{"line":24,"column":null}},"type":"if","locations":[{"start":{"line":20,"column":6},"end":{"line":24,"column":null}},{"start":{"line":22,"column":13},"end":{"line":24,"column":null}}],"line":20},"4":{"loc":{"start":{"line":32,"column":9},"end":{"line":32,"column":null}},"type":"binary-expr","locations":[{"start":{"line":32,"column":9},"end":{"line":32,"column":32}},{"start":{"line":32,"column":32},"end":{"line":32,"column":null}}],"line":32},"5":{"loc":{"start":{"line":36,"column":2},"end":{"line":40,"column":null}},"type":"if","locations":[{"start":{"line":36,"column":2},"end":{"line":40,"column":null}},{"start":{},"end":{}}],"line":36},"6":{"loc":{"start":{"line":38,"column":20},"end":{"line":38,"column":null}},"type":"binary-expr","locations":[{"start":{"line":38,"column":20},"end":{"line":38,"column":45}},{"start":{"line":38,"column":45},"end":{"line":38,"column":null}}],"line":38},"7":{"loc":{"start":{"line":48,"column":16},"end":{"line":48,"column":null}},"type":"binary-expr","locations":[{"start":{"line":48,"column":16},"end":{"line":48,"column":58}},{"start":{"line":48,"column":58},"end":{"line":48,"column":null}}],"line":48},"8":{"loc":{"start":{"line":100,"column":2},"end":{"line":100,"column":45}},"type":"binary-expr","locations":[{"start":{"line":100,"column":2},"end":{"line":100,"column":30}},{"start":{"line":100,"column":30},"end":{"line":100,"column":45}}],"line":100}},"s":{"0":10,"1":9,"2":9,"3":6,"4":3,"5":1,"6":2,"7":1,"8":1,"9":3,"10":4,"11":10,"12":0,"13":0,"14":0,"15":10,"16":10,"17":10,"18":10,"19":10},"f":{"0":10,"1":10,"2":10},"b":{"0":[9,1],"1":[10,9],"2":[1,2],"3":[1,1],"4":[4,4],"5":[0,10],"6":[0,0],"7":[10,0],"8":[10,1]},"meta":{"lastBranch":9,"lastFunction":3,"lastStatement":20,"seen":{"f:7:15:7:32":0,"b:8:2:30:Infinity:undefined:undefined:undefined:undefined":0,"s:8:2:30:Infinity":0,"b:8:6:8:39:8:39:8:69":1,"s:9:4:29:Infinity":1,"s:10:23:14:Infinity":2,"s:15:6:15:Infinity":3,"b:18:6:24:Infinity:20:6:24:Infinity":2,"s:18:6:24:Infinity":4,"s:19:8:19:Infinity":5,"b:20:6:24:Infinity:22:13:24:Infinity":3,"s:20:6:24:Infinity":6,"s:21:8:21:Infinity":7,"s:23:8:23:Infinity":8,"s:25:6:28:Infinity":9,"s:32:2:32:Infinity":10,"b:32:9:32:32:32:32:32:Infinity":4,"f:35:9:35:37":1,"b:36:2:40:Infinity:undefined:undefined:undefined:undefined":5,"s:36:2:40:Infinity":11,"s:37:25:37:Infinity":12,"s:38:20:38:Infinity":13,"b:38:20:38:45:38:45:38:Infinity":6,"s:39:4:39:Infinity":14,"s:42:47:46:Infinity":15,"s:48:16:48:Infinity":16,"b:48:16:48:58:48:58:48:Infinity":7,"s:49:2:49:Infinity":17,"f:55:22:55:43":2,"s:56:24:56:Infinity":18,"s:58:2:103:Infinity":19,"b:100:2:100:30:100:30:100:45":8}}}
,"/Users/lennycopeaux/Desktop/💻 Dev/yallo/src/lib/services/twilio-sms.ts": {"path":"/Users/lennycopeaux/Desktop/💻 Dev/yallo/src/lib/services/twilio-sms.ts","statementMap":{"0":{"start":{"line":9,"column":21},"end":{"line":9,"column":null}},"1":{"start":{"line":10,"column":17},"end":{"line":10,"column":null}},"2":{"start":{"line":11,"column":20},"end":{"line":11,"column":null}},"3":{"start":{"line":13,"column":2},"end":{"line":15,"column":null}},"4":{"start":{"line":14,"column":4},"end":{"line":14,"column":null}},"5":{"start":{"line":17,"column":15},"end":{"line":17,"column":null}},"6":{"start":{"line":18,"column":14},"end":{"line":18,"column":null}},"7":{"start":{"line":20,"column":15},"end":{"line":20,"column":null}},"8":{"start":{"line":21,"column":2},"end":{"line":21,"column":null}},"9":{"start":{"line":22,"column":2},"end":{"line":22,"column":null}},"10":{"start":{"line":23,"column":2},"end":{"line":23,"column":null}},"11":{"start":{"line":25,"column":19},"end":{"line":32,"column":null}},"12":{"start":{"line":34,"column":2},"end":{"line":37,"column":null}},"13":{"start":{"line":35,"column":20},"end":{"line":35,"column":null}},"14":{"start":{"line":36,"column":4},"end":{"line":36,"column":null}},"15":{"start":{"line":49,"column":17},"end":{"line":49,"column":null}},"16":{"start":{"line":50,"column":17},"end":{"line":50,"column":null}},"17":{"start":{"line":51,"column":2},"end":{"line":51,"column":null}},"18":{"start":{"line":65,"column":2},"end":{"line":67,"column":null}},"19":{"start":{"line":66,"column":4},"end":{"line":66,"column":null}},"20":{"start":{"line":69,"column":8},"end":{"line":69,"column":null}},"21":{"start":{"line":70,"column":8},"end":{"line":70,"column":null}},"22":{"start":{"line":71,"column":2},"end":{"line":77,"column":null}},"23":{"start":{"line":72,"column":4},"end":{"line":75,"column":null}},"24":{"start":{"line":76,"column":4},"end":{"line":76,"column":null}},"25":{"start":{"line":79,"column":15},"end":{"line":84,"column":null}},"26":{"start":{"line":86,"column":2},"end":{"line":95,"column":null}},"27":{"start":{"line":87,"column":4},"end":{"line":87,"column":null}},"28":{"start":{"line":88,"column":4},"end":{"line":88,"column":null}},"29":{"start":{"line":90,"column":4},"end":{"line":94,"column":null}}},"fnMap":{"0":{"name":"sendTwilioSms","decl":{"start":{"line":8,"column":22},"end":{"line":8,"column":36}},"loc":{"start":{"line":8,"column":118},"end":{"line":38,"column":null}},"line":8},"1":{"name":"buildOrderConfirmationSmsBody","decl":{"start":{"line":43,"column":16},"end":{"line":43,"column":46}},"loc":{"start":{"line":48,"column":12},"end":{"line":52,"column":null}},"line":48},"2":{"name":"trySendOrderConfirmationSms","decl":{"start":{"line":57,"column":22},"end":{"line":57,"column":50}},"loc":{"start":{"line":64,"column":19},"end":{"line":96,"column":null}},"line":64}},"branchMap":{"0":{"loc":{"start":{"line":13,"column":2},"end":{"line":15,"column":null}},"type":"if","locations":[{"start":{"line":13,"column":2},"end":{"line":15,"column":null}},{"start":{},"end":{}}],"line":13},"1":{"loc":{"start":{"line":13,"column":6},"end":{"line":13,"column":44}},"type":"binary-expr","locations":[{"start":{"line":13,"column":6},"end":{"line":13,"column":21}},{"start":{"line":13,"column":21},"end":{"line":13,"column":32}},{"start":{"line":13,"column":32},"end":{"line":13,"column":44}}],"line":13},"2":{"loc":{"start":{"line":34,"column":2},"end":{"line":37,"column":null}},"type":"if","locations":[{"start":{"line":34,"column":2},"end":{"line":37,"column":null}},{"start":{},"end":{}}],"line":34},"3":{"loc":{"start":{"line":65,"column":2},"end":{"line":67,"column":null}},"type":"if","locations":[{"start":{"line":65,"column":2},"end":{"line":67,"column":null}},{"start":{},"end":{}}],"line":65},"4":{"loc":{"start":{"line":65,"column":6},"end":{"line":65,"column":58}},"type":"binary-expr","locations":[{"start":{"line":65,"column":6},"end":{"line":65,"column":32}},{"start":{"line":65,"column":32},"end":{"line":65,"column":58}}],"line":65},"5":{"loc":{"start":{"line":71,"column":2},"end":{"line":77,"column":null}},"type":"if","locations":[{"start":{"line":71,"column":2},"end":{"line":77,"column":null}},{"start":{},"end":{}}],"line":71},"6":{"loc":{"start":{"line":71,"column":6},"end":{"line":71,"column":28}},"type":"binary-expr","locations":[{"start":{"line":71,"column":6},"end":{"line":71,"column":17}},{"start":{"line":71,"column":17},"end":{"line":71,"column":28}}],"line":71},"7":{"loc":{"start":{"line":92,"column":6},"end":{"line":92,"column":null}},"type":"cond-expr","locations":[{"start":{"line":92,"column":31},"end":{"line":92,"column":39}},{"start":{"line":92,"column":39},"end":{"line":92,"column":null}}],"line":92}},"s":{"0":0,"1":0,"2":0,"3":0,"4":0,"5":0,"6":0,"7":0,"8":0,"9":0,"10":0,"11":0,"12":0,"13":0,"14":0,"15":1,"16":1,"17":1,"18":0,"19":0,"20":0,"21":0,"22":0,"23":0,"24":0,"25":0,"26":0,"27":0,"28":0,"29":0},"f":{"0":0,"1":1,"2":0},"b":{"0":[0,0],"1":[0,0,0],"2":[0,0],"3":[0,0],"4":[0,0],"5":[0,0],"6":[0,0],"7":[0,0]},"meta":{"lastBranch":8,"lastFunction":3,"lastStatement":30,"seen":{"f:8:22:8:36":0,"s:9:21:9:Infinity":0,"s:10:17:10:Infinity":1,"s:11:20:11:Infinity":2,"b:13:2:15:Infinity:undefined:undefined:undefined:undefined":0,"s:13:2:15:Infinity":3,"b:13:6:13:21:13:21:13:32:13:32:13:44":1,"s:14:4:14:Infinity":4,"s:17:15:17:Infinity":5,"s:18:14:18:Infinity":6,"s:20:15:20:Infinity":7,"s:21:2:21:Infinity":8,"s:22:2:22:Infinity":9,"s:23:2:23:Infinity":10,"s:25:19:32:Infinity":11,"b:34:2:37:Infinity:undefined:undefined:undefined:undefined":2,"s:34:2:37:Infinity":12,"s:35:20:35:Infinity":13,"s:36:4:36:Infinity":14,"f:43:16:43:46":1,"s:49:17:49:Infinity":15,"s:50:17:50:Infinity":16,"s:51:2:51:Infinity":17,"f:57:22:57:50":2,"b:65:2:67:Infinity:undefined:undefined:undefined:undefined":3,"s:65:2:67:Infinity":18,"b:65:6:65:32:65:32:65:58":4,"s:66:4:66:Infinity":19,"s:69:8:69:Infinity":20,"s:70:8:70:Infinity":21,"b:71:2:77:Infinity:undefined:undefined:undefined:undefined":5,"s:71:2:77:Infinity":22,"b:71:6:71:17:71:17:71:28":6,"s:72:4:75:Infinity":23,"s:76:4:76:Infinity":24,"s:79:15:84:Infinity":25,"s:86:2:95:Infinity":26,"s:87:4:87:Infinity":27,"s:88:4:88:Infinity":28,"s:90:4:94:Infinity":29,"b:92:31:92:39:92:39:92:Infinity":7}}}
}
