{"/Users/lennycopeaux/Desktop/yallo/src/app/error.tsx": {"path":"/Users/lennycopeaux/Desktop/yallo/src/app/error.tsx","statementMap":{"0":{"start":{"line":15,"column":2},"end":{"line":17,"column":null}},"1":{"start":{"line":16,"column":4},"end":{"line":16,"column":null}},"2":{"start":{"line":19,"column":26},"end":{"line":21,"column":null}},"3":{"start":{"line":20,"column":4},"end":{"line":20,"column":null}},"4":{"start":{"line":23,"column":2},"end":{"line":35,"column":null}}},"fnMap":{"0":{"name":"ErrorPage","decl":{"start":{"line":11,"column":24},"end":{"line":11,"column":34}},"loc":{"start":{"line":14,"column":29},"end":{"line":37,"column":null}},"line":14},"1":{"name":"(anonymous_1)","decl":{"start":{"line":15,"column":12},"end":{"line":15,"column":18}},"loc":{"start":{"line":15,"column":18},"end":{"line":17,"column":5}},"line":15},"2":{"name":"(anonymous_2)","decl":{"start":{"line":19,"column":26},"end":{"line":19,"column":32}},"loc":{"start":{"line":19,"column":32},"end":{"line":21,"column":null}},"line":19}},"branchMap":{},"s":{"0":5,"1":5,"2":5,"3":0,"4":5},"f":{"0":5,"1":5,"2":0},"b":{},"meta":{"lastBranch":0,"lastFunction":3,"lastStatement":5,"seen":{"f:11:24:11:34":0,"s:15:2:17:Infinity":0,"f:15:12:15:18":1,"s:16:4:16:Infinity":1,"s:19:26:21:Infinity":2,"f:19:26:19:32":2,"s:20:4:20:Infinity":3,"s:23:2:35:Infinity":4}}}
,"/Users/lennycopeaux/Desktop/yallo/src/app/not-found.tsx": {"path":"/Users/lennycopeaux/Desktop/yallo/src/app/not-found.tsx","statementMap":{"0":{"start":{"line":5,"column":2},"end":{"line":14,"column":null}}},"fnMap":{"0":{"name":"NotFound","decl":{"start":{"line":4,"column":24},"end":{"line":4,"column":35}},"loc":{"start":{"line":4,"column":35},"end":{"line":16,"column":null}},"line":4}},"branchMap":{},"s":{"0":3},"f":{"0":3},"b":{},"meta":{"lastBranch":0,"lastFunction":1,"lastStatement":1,"seen":{"f:4:24:4:35":0,"s:5:2:14:Infinity":0}}}
,"/Users/lennycopeaux/Desktop/yallo/src/components/ui/button.tsx": {"path":"/Users/lennycopeaux/Desktop/yallo/src/components/ui/button.tsx","statementMap":{"0":{"start":{"line":7,"column":6},"end":{"line":37,"column":null}},"1":{"start":{"line":49,"column":15},"end":{"line":49,"column":null}},"2":{"start":{"line":51,"column":2},"end":{"line":56,"column":null}}},"fnMap":{"0":{"name":"Button","decl":{"start":{"line":39,"column":9},"end":{"line":39,"column":16}},"loc":{"start":{"line":48,"column":5},"end":{"line":58,"column":null}},"line":48}},"branchMap":{"0":{"loc":{"start":{"line":43,"column":2},"end":{"line":43,"column":null}},"type":"default-arg","locations":[{"start":{"line":43,"column":12},"end":{"line":43,"column":null}}],"line":43},"1":{"loc":{"start":{"line":49,"column":15},"end":{"line":49,"column":null}},"type":"cond-expr","locations":[{"start":{"line":49,"column":25},"end":{"line":49,"column":32}},{"start":{"line":49,"column":32},"end":{"line":49,"column":null}}],"line":49}},"s":{"0":2,"1":13,"2":13},"f":{"0":13},"b":{"0":[13],"1":[3,10]},"meta":{"lastBranch":2,"lastFunction":1,"lastStatement":3,"seen":{"s:7:6:37:Infinity":0,"f:39:9:39:16":0,"b:43:12:43:Infinity":0,"s:49:15:49:Infinity":1,"b:49:25:49:32:49:32:49:Infinity":1,"s:51:2:56:Infinity":2}}}
,"/Users/lennycopeaux/Desktop/yallo/src/lib/logger.ts": {"path":"/Users/lennycopeaux/Desktop/yallo/src/lib/logger.ts","statementMap":{"0":{"start":{"line":22,"column":10},"end":{"line":22,"column":null}},"1":{"start":{"line":23,"column":23},"end":{"line":23,"column":null}},"2":{"start":{"line":24,"column":4},"end":{"line":24,"column":null}},"3":{"start":{"line":28,"column":4},"end":{"line":28,"column":null}},"4":{"start":{"line":32,"column":4},"end":{"line":32,"column":null}},"5":{"start":{"line":36,"column":25},"end":{"line":38,"column":null}},"6":{"start":{"line":39,"column":4},"end":{"line":39,"column":null}},"7":{"start":{"line":43,"column":4},"end":{"line":45,"column":null}},"8":{"start":{"line":44,"column":6},"end":{"line":44,"column":null}},"9":{"start":{"line":49,"column":22},"end":{"line":49,"column":null}}},"fnMap":{"0":{"name":"(anonymous_0)","decl":{"start":{"line":17,"column":10},"end":{"line":17,"column":null}},"loc":{"start":{"line":21,"column":12},"end":{"line":25,"column":null}},"line":21},"1":{"name":"(anonymous_1)","decl":{"start":{"line":27,"column":2},"end":{"line":27,"column":7}},"loc":{"start":{"line":27,"column":52},"end":{"line":29,"column":null}},"line":27},"2":{"name":"(anonymous_2)","decl":{"start":{"line":31,"column":2},"end":{"line":31,"column":7}},"loc":{"start":{"line":31,"column":52},"end":{"line":33,"column":null}},"line":31},"3":{"name":"(anonymous_3)","decl":{"start":{"line":35,"column":2},"end":{"line":35,"column":8}},"loc":{"start":{"line":35,"column":68},"end":{"line":40,"column":null}},"line":35},"4":{"name":"(anonymous_4)","decl":{"start":{"line":42,"column":2},"end":{"line":42,"column":8}},"loc":{"start":{"line":42,"column":53},"end":{"line":46,"column":null}},"line":42}},"branchMap":{"0":{"loc":{"start":{"line":23,"column":23},"end":{"line":23,"column":null}},"type":"cond-expr","locations":[{"start":{"line":23,"column":33},"end":{"line":23,"column":65}},{"start":{"line":23,"column":65},"end":{"line":23,"column":null}}],"line":23},"1":{"loc":{"start":{"line":36,"column":25},"end":{"line":38,"column":null}},"type":"cond-expr","locations":[{"start":{"line":37,"column":8},"end":{"line":37,"column":null}},{"start":{"line":38,"column":8},"end":{"line":38,"column":null}}],"line":36},"2":{"loc":{"start":{"line":43,"column":4},"end":{"line":45,"column":null}},"type":"if","locations":[{"start":{"line":43,"column":4},"end":{"line":45,"column":null}},{"start":{},"end":{}}],"line":43}},"s":{"0":9,"1":9,"2":9,"3":3,"4":2,"5":3,"6":3,"7":2,"8":1,"9":1},"f":{"0":9,"1":3,"2":2,"3":3,"4":2},"b":{"0":[4,5],"1":[2,1],"2":[1,1]},"meta":{"lastBranch":3,"lastFunction":5,"lastStatement":10,"seen":{"f:17:10:17:Infinity":0,"s:22:10:22:Infinity":0,"s:23:23:23:Infinity":1,"b:23:33:23:65:23:65:23:Infinity":0,"s:24:4:24:Infinity":2,"f:27:2:27:7":1,"s:28:4:28:Infinity":3,"f:31:2:31:7":2,"s:32:4:32:Infinity":4,"f:35:2:35:8":3,"s:36:25:38:Infinity":5,"b:37:8:37:Infinity:38:8:38:Infinity":1,"s:39:4:39:Infinity":6,"f:42:2:42:8":4,"b:43:4:45:Infinity:undefined:undefined:undefined:undefined":2,"s:43:4:45:Infinity":7,"s:44:6:44:Infinity":8,"s:49:22:49:Infinity":9}}}
,"/Users/lennycopeaux/Desktop/yallo/src/lib/rate-limit.ts": {"path":"/Users/lennycopeaux/Desktop/yallo/src/lib/rate-limit.ts","statementMap":{"0":{"start":{"line":13,"column":21},"end":{"line":13,"column":null}},"1":{"start":{"line":15,"column":22},"end":{"line":15,"column":null}},"2":{"start":{"line":16,"column":26},"end":{"line":16,"column":null}},"3":{"start":{"line":31,"column":14},"end":{"line":31,"column":null}},"4":{"start":{"line":32,"column":17},"end":{"line":32,"column":null}},"5":{"start":{"line":34,"column":2},"end":{"line":40,"column":null}},"6":{"start":{"line":35,"column":4},"end":{"line":38,"column":null}},"7":{"start":{"line":39,"column":4},"end":{"line":39,"column":null}},"8":{"start":{"line":42,"column":2},"end":{"line":44,"column":null}},"9":{"start":{"line":43,"column":4},"end":{"line":43,"column":null}},"10":{"start":{"line":46,"column":2},"end":{"line":46,"column":null}},"11":{"start":{"line":47,"column":2},"end":{"line":47,"column":null}},"12":{"start":{"line":58,"column":4},"end":{"line":60,"column":null}},"13":{"start":{"line":61,"column":15},"end":{"line":61,"column":null}},"14":{"start":{"line":62,"column":2},"end":{"line":62,"column":null}},"15":{"start":{"line":70,"column":14},"end":{"line":70,"column":null}},"16":{"start":{"line":71,"column":2},"end":{"line":75,"column":null}},"17":{"start":{"line":72,"column":4},"end":{"line":74,"column":null}},"18":{"start":{"line":73,"column":6},"end":{"line":73,"column":null}}},"fnMap":{"0":{"name":"rateLimit","decl":{"start":{"line":26,"column":16},"end":{"line":26,"column":null}},"loc":{"start":{"line":30,"column":11},"end":{"line":48,"column":null}},"line":30},"1":{"name":"getRateLimitIdentifier","decl":{"start":{"line":56,"column":16},"end":{"line":56,"column":39}},"loc":{"start":{"line":56,"column":65},"end":{"line":63,"column":null}},"line":56},"2":{"name":"cleanupRateLimits","decl":{"start":{"line":69,"column":16},"end":{"line":69,"column":42}},"loc":{"start":{"line":69,"column":42},"end":{"line":76,"column":null}},"line":69}},"branchMap":{"0":{"loc":{"start":{"line":28,"column":2},"end":{"line":28,"column":null}},"type":"default-arg","locations":[{"start":{"line":28,"column":18},"end":{"line":28,"column":null}}],"line":28},"1":{"loc":{"start":{"line":29,"column":2},"end":{"line":29,"column":null}},"type":"default-arg","locations":[{"start":{"line":29,"column":21},"end":{"line":29,"column":null}}],"line":29},"2":{"loc":{"start":{"line":34,"column":2},"end":{"line":40,"column":null}},"type":"if","locations":[{"start":{"line":34,"column":2},"end":{"line":40,"column":null}},{"start":{},"end":{}}],"line":34},"3":{"loc":{"start":{"line":34,"column":6},"end":{"line":34,"column":41}},"type":"binary-expr","locations":[{"start":{"line":34,"column":6},"end":{"line":34,"column":17}},{"start":{"line":34,"column":17},"end":{"line":34,"column":41}}],"line":34},"4":{"loc":{"start":{"line":42,"column":2},"end":{"line":44,"column":null}},"type":"if","locations":[{"start":{"line":42,"column":2},"end":{"line":44,"column":null}},{"start":{},"end":{}}],"line":42},"5":{"loc":{"start":{"line":58,"column":4},"end":{"line":60,"column":null}},"type":"binary-expr","locations":[{"start":{"line":58,"column":4},"end":{"line":58,"column":null}},{"start":{"line":59,"column":4},"end":{"line":59,"column":null}},{"start":{"line":60,"column":4},"end":{"line":60,"column":null}}],"line":58},"6":{"loc":{"start":{"line":72,"column":4},"end":{"line":74,"column":null}},"type":"if","locations":[{"start":{"line":72,"column":4},"end":{"line":74,"column":null}},{"start":{},"end":{}}],"line":72}},"s":{"0":1,"1":1,"2":1,"3":31,"4":31,"5":31,"6":9,"7":9,"8":22,"9":4,"10":18,"11":18,"12":4,"13":4,"14":4,"15":11,"16":11,"17":48,"18":2},"f":{"0":31,"1":4,"2":11},"b":{"0":[31],"1":[31],"2":[9,22],"3":[31,23],"4":[4,18],"5":[4,2,1],"6":[2,46]},"meta":{"lastBranch":7,"lastFunction":3,"lastStatement":19,"seen":{"s:13:21:13:Infinity":0,"s:15:22:15:Infinity":1,"s:16:26:16:Infinity":2,"f:26:16:26:Infinity":0,"b:28:18:28:Infinity":0,"b:29:21:29:Infinity":1,"s:31:14:31:Infinity":3,"s:32:17:32:Infinity":4,"b:34:2:40:Infinity:undefined:undefined:undefined:undefined":2,"s:34:2:40:Infinity":5,"b:34:6:34:17:34:17:34:41":3,"s:35:4:38:Infinity":6,"s:39:4:39:Infinity":7,"b:42:2:44:Infinity:undefined:undefined:undefined:undefined":4,"s:42:2:44:Infinity":8,"s:43:4:43:Infinity":9,"s:46:2:46:Infinity":10,"s:47:2:47:Infinity":11,"f:56:16:56:39":1,"s:58:4:60:Infinity":12,"b:58:4:58:Infinity:59:4:59:Infinity:60:4:60:Infinity":5,"s:61:15:61:Infinity":13,"s:62:2:62:Infinity":14,"f:69:16:69:42":2,"s:70:14:70:Infinity":15,"s:71:2:75:Infinity":16,"b:72:4:74:Infinity:undefined:undefined:undefined:undefined":6,"s:72:4:74:Infinity":17,"s:73:6:73:Infinity":18}}}
,"/Users/lennycopeaux/Desktop/yallo/src/lib/utils.ts": {"path":"/Users/lennycopeaux/Desktop/yallo/src/lib/utils.ts","statementMap":{"0":{"start":{"line":5,"column":2},"end":{"line":5,"column":null}},"1":{"start":{"line":9,"column":25},"end":{"line":9,"column":null}},"2":{"start":{"line":12,"column":5},"end":{"line":13,"column":null}},"3":{"start":{"line":15,"column":2},"end":{"line":20,"column":null}},"4":{"start":{"line":16,"column":17},"end":{"line":18,"column":null}},"5":{"start":{"line":19,"column":4},"end":{"line":19,"column":null}},"6":{"start":{"line":22,"column":2},"end":{"line":22,"column":null}},"7":{"start":{"line":26,"column":25},"end":{"line":26,"column":null}},"8":{"start":{"line":28,"column":2},"end":{"line":30,"column":null}},"9":{"start":{"line":29,"column":4},"end":{"line":29,"column":null}},"10":{"start":{"line":32,"column":16},"end":{"line":32,"column":null}},"11":{"start":{"line":34,"column":2},"end":{"line":37,"column":null}},"12":{"start":{"line":35,"column":17},"end":{"line":35,"column":null}},"13":{"start":{"line":36,"column":4},"end":{"line":36,"column":null}},"14":{"start":{"line":39,"column":20},"end":{"line":39,"column":null}},"15":{"start":{"line":40,"column":2},"end":{"line":42,"column":null}},"16":{"start":{"line":41,"column":4},"end":{"line":41,"column":null}},"17":{"start":{"line":44,"column":2},"end":{"line":44,"column":null}}},"fnMap":{"0":{"name":"cn","decl":{"start":{"line":4,"column":16},"end":{"line":4,"column":22}},"loc":{"start":{"line":4,"column":44},"end":{"line":6,"column":null}},"line":4},"1":{"name":"getAppUrl","decl":{"start":{"line":8,"column":16},"end":{"line":8,"column":26}},"loc":{"start":{"line":8,"column":53},"end":{"line":23,"column":null}},"line":8},"2":{"name":"buildAppUrlServer","decl":{"start":{"line":25,"column":16},"end":{"line":25,"column":34}},"loc":{"start":{"line":25,"column":74},"end":{"line":45,"column":null}},"line":25}},"branchMap":{"0":{"loc":{"start":{"line":8,"column":26},"end":{"line":8,"column":53}},"type":"default-arg","locations":[{"start":{"line":8,"column":41},"end":{"line":8,"column":53}}],"line":8},"1":{"loc":{"start":{"line":9,"column":25},"end":{"line":9,"column":null}},"type":"cond-expr","locations":[{"start":{"line":9,"column":48},"end":{"line":9,"column":55}},{"start":{"line":9,"column":55},"end":{"line":9,"column":null}}],"line":9},"2":{"loc":{"start":{"line":12,"column":5},"end":{"line":13,"column":null}},"type":"binary-expr","locations":[{"start":{"line":12,"column":5},"end":{"line":12,"column":38}},{"start":{"line":12,"column":38},"end":{"line":12,"column":null}},{"start":{"line":13,"column":5},"end":{"line":13,"column":39}},{"start":{"line":13,"column":39},"end":{"line":13,"column":null}}],"line":12},"3":{"loc":{"start":{"line":15,"column":2},"end":{"line":20,"column":null}},"type":"if","locations":[{"start":{"line":15,"column":2},"end":{"line":20,"column":null}},{"start":{},"end":{}}],"line":15},"4":{"loc":{"start":{"line":16,"column":17},"end":{"line":18,"column":null}},"type":"cond-expr","locations":[{"start":{"line":17,"column":8},"end":{"line":17,"column":null}},{"start":{"line":18,"column":8},"end":{"line":18,"column":null}}],"line":16},"5":{"loc":{"start":{"line":16,"column":17},"end":{"line":16,"column":null}},"type":"binary-expr","locations":[{"start":{"line":16,"column":17},"end":{"line":16,"column":50}},{"start":{"line":16,"column":50},"end":{"line":16,"column":null}}],"line":16},"6":{"loc":{"start":{"line":26,"column":25},"end":{"line":26,"column":null}},"type":"cond-expr","locations":[{"start":{"line":26,"column":52},"end":{"line":26,"column":63}},{"start":{"line":26,"column":63},"end":{"line":26,"column":null}}],"line":26},"7":{"loc":{"start":{"line":28,"column":2},"end":{"line":30,"column":null}},"type":"if","locations":[{"start":{"line":28,"column":2},"end":{"line":30,"column":null}},{"start":{},"end":{}}],"line":28},"8":{"loc":{"start":{"line":34,"column":2},"end":{"line":37,"column":null}},"type":"if","locations":[{"start":{"line":34,"column":2},"end":{"line":37,"column":null}},{"start":{},"end":{}}],"line":34},"9":{"loc":{"start":{"line":35,"column":17},"end":{"line":35,"column":null}},"type":"binary-expr","locations":[{"start":{"line":35,"column":17},"end":{"line":35,"column":39}},{"start":{"line":35,"column":39},"end":{"line":35,"column":null}}],"line":35},"10":{"loc":{"start":{"line":40,"column":2},"end":{"line":42,"column":null}},"type":"if","locations":[{"start":{"line":40,"column":2},"end":{"line":42,"column":null}},{"start":{},"end":{}}],"line":40}},"s":{"0":19,"1":4,"2":4,"3":4,"4":1,"5":1,"6":3,"7":4,"8":4,"9":0,"10":4,"11":4,"12":2,"13":2,"14":2,"15":2,"16":0,"17":2},"f":{"0":19,"1":4,"2":4},"b":{"0":[4],"1":[2,2],"2":[4,0,4,4],"3":[1,3],"4":[0,1],"5":[1,0],"6":[3,1],"7":[0,4],"8":[2,2],"9":[2,0],"10":[0,2]},"meta":{"lastBranch":11,"lastFunction":3,"lastStatement":18,"seen":{"f:4:16:4:22":0,"s:5:2:5:Infinity":0,"f:8:16:8:26":1,"b:8:41:8:53":0,"s:9:25:9:Infinity":1,"b:9:48:9:55:9:55:9:Infinity":1,"s:12:5:13:Infinity":2,"b:12:5:12:38:12:38:12:Infinity:13:5:13:39:13:39:13:Infinity":2,"b:15:2:20:Infinity:undefined:undefined:undefined:undefined":3,"s:15:2:20:Infinity":3,"s:16:17:18:Infinity":4,"b:17:8:17:Infinity:18:8:18:Infinity":4,"b:16:17:16:50:16:50:16:Infinity":5,"s:19:4:19:Infinity":5,"s:22:2:22:Infinity":6,"f:25:16:25:34":2,"s:26:25:26:Infinity":7,"b:26:52:26:63:26:63:26:Infinity":6,"b:28:2:30:Infinity:undefined:undefined:undefined:undefined":7,"s:28:2:30:Infinity":8,"s:29:4:29:Infinity":9,"s:32:16:32:Infinity":10,"b:34:2:37:Infinity:undefined:undefined:undefined:undefined":8,"s:34:2:37:Infinity":11,"s:35:17:35:Infinity":12,"b:35:17:35:39:35:39:35:Infinity":9,"s:36:4:36:Infinity":13,"s:39:20:39:Infinity":14,"b:40:2:42:Infinity:undefined:undefined:undefined:undefined":10,"s:40:2:42:Infinity":15,"s:41:4:41:Infinity":16,"s:44:2:44:Infinity":17}}}
,"/Users/lennycopeaux/Desktop/yallo/src/lib/services/hubrise.ts": {"path":"/Users/lennycopeaux/Desktop/yallo/src/lib/services/hubrise.ts","statementMap":{"0":{"start":{"line":7,"column":4},"end":{"line":7,"column":null}},"1":{"start":{"line":4,"column":11},"end":{"line":4,"column":null}},"2":{"start":{"line":5,"column":11},"end":{"line":5,"column":null}},"3":{"start":{"line":8,"column":4},"end":{"line":8,"column":null}},"4":{"start":{"line":24,"column":2},"end":{"line":26,"column":null}},"5":{"start":{"line":25,"column":4},"end":{"line":25,"column":null}},"6":{"start":{"line":28,"column":2},"end":{"line":111,"column":null}},"7":{"start":{"line":29,"column":28},"end":{"line":29,"column":null}},"8":{"start":{"line":31,"column":29},"end":{"line":37,"column":null}},"9":{"start":{"line":39,"column":4},"end":{"line":55,"column":null}},"10":{"start":{"line":40,"column":24},"end":{"line":40,"column":null}},"11":{"start":{"line":40,"column":66},"end":{"line":40,"column":81}},"12":{"start":{"line":42,"column":6},"end":{"line":48,"column":null}},"13":{"start":{"line":43,"column":8},"end":{"line":47,"column":null}},"14":{"start":{"line":50,"column":6},"end":{"line":54,"column":null}},"15":{"start":{"line":57,"column":51},"end":{"line":57,"column":null}},"16":{"start":{"line":59,"column":4},"end":{"line":64,"column":null}},"17":{"start":{"line":60,"column":6},"end":{"line":63,"column":null}},"18":{"start":{"line":66,"column":22},"end":{"line":66,"column":null}},"19":{"start":{"line":67,"column":23},"end":{"line":67,"column":null}},"20":{"start":{"line":69,"column":28},"end":{"line":75,"column":null}},"21":{"start":{"line":77,"column":4},"end":{"line":93,"column":null}},"22":{"start":{"line":78,"column":24},"end":{"line":78,"column":null}},"23":{"start":{"line":78,"column":65},"end":{"line":78,"column":80}},"24":{"start":{"line":80,"column":6},"end":{"line":86,"column":null}},"25":{"start":{"line":81,"column":8},"end":{"line":85,"column":null}},"26":{"start":{"line":88,"column":6},"end":{"line":92,"column":null}},"27":{"start":{"line":95,"column":31},"end":{"line":95,"column":null}},"28":{"start":{"line":96,"column":4},"end":{"line":96,"column":null}},"29":{"start":{"line":98,"column":4},"end":{"line":100,"column":null}},"30":{"start":{"line":99,"column":6},"end":{"line":99,"column":null}},"31":{"start":{"line":102,"column":4},"end":{"line":108,"column":null}},"32":{"start":{"line":103,"column":6},"end":{"line":107,"column":null}},"33":{"start":{"line":110,"column":4},"end":{"line":110,"column":null}}},"fnMap":{"0":{"name":"(anonymous_0)","decl":{"start":{"line":2,"column":2},"end":{"line":2,"column":null}},"loc":{"start":{"line":6,"column":4},"end":{"line":9,"column":null}},"line":6},"1":{"name":"fetchHubriseCatalog","decl":{"start":{"line":20,"column":22},"end":{"line":20,"column":null}},"loc":{"start":{"line":23,"column":19},"end":{"line":112,"column":null}},"line":23},"2":{"name":"(anonymous_2)","decl":{"start":{"line":40,"column":60},"end":{"line":40,"column":66}},"loc":{"start":{"line":40,"column":66},"end":{"line":40,"column":81}},"line":40},"3":{"name":"(anonymous_3)","decl":{"start":{"line":78,"column":59},"end":{"line":78,"column":65}},"loc":{"start":{"line":78,"column":65},"end":{"line":78,"column":80}},"line":78}},"branchMap":{"0":{"loc":{"start":{"line":24,"column":2},"end":{"line":26,"column":null}},"type":"if","locations":[{"start":{"line":24,"column":2},"end":{"line":26,"column":null}},{"start":{},"end":{}}],"line":24},"1":{"loc":{"start":{"line":24,"column":6},"end":{"line":24,"column":35}},"type":"binary-expr","locations":[{"start":{"line":24,"column":6},"end":{"line":24,"column":22}},{"start":{"line":24,"column":22},"end":{"line":24,"column":35}}],"line":24},"2":{"loc":{"start":{"line":39,"column":4},"end":{"line":55,"column":null}},"type":"if","locations":[{"start":{"line":39,"column":4},"end":{"line":55,"column":null}},{"start":{},"end":{}}],"line":39},"3":{"loc":{"start":{"line":42,"column":6},"end":{"line":48,"column":null}},"type":"if","locations":[{"start":{"line":42,"column":6},"end":{"line":48,"column":null}},{"start":{},"end":{}}],"line":42},"4":{"loc":{"start":{"line":42,"column":10},"end":{"line":42,"column":78}},"type":"binary-expr","locations":[{"start":{"line":42,"column":10},"end":{"line":42,"column":45}},{"start":{"line":42,"column":45},"end":{"line":42,"column":78}}],"line":42},"5":{"loc":{"start":{"line":59,"column":4},"end":{"line":64,"column":null}},"type":"if","locations":[{"start":{"line":59,"column":4},"end":{"line":64,"column":null}},{"start":{},"end":{}}],"line":59},"6":{"loc":{"start":{"line":59,"column":8},"end":{"line":59,"column":52}},"type":"binary-expr","locations":[{"start":{"line":59,"column":8},"end":{"line":59,"column":25}},{"start":{"line":59,"column":25},"end":{"line":59,"column":52}}],"line":59},"7":{"loc":{"start":{"line":77,"column":4},"end":{"line":93,"column":null}},"type":"if","locations":[{"start":{"line":77,"column":4},"end":{"line":93,"column":null}},{"start":{},"end":{}}],"line":77},"8":{"loc":{"start":{"line":80,"column":6},"end":{"line":86,"column":null}},"type":"if","locations":[{"start":{"line":80,"column":6},"end":{"line":86,"column":null}},{"start":{},"end":{}}],"line":80},"9":{"loc":{"start":{"line":98,"column":4},"end":{"line":100,"column":null}},"type":"if","locations":[{"start":{"line":98,"column":4},"end":{"line":100,"column":null}},{"start":{},"end":{}}],"line":98},"10":{"loc":{"start":{"line":102,"column":4},"end":{"line":108,"column":null}},"type":"if","locations":[{"start":{"line":102,"column":4},"end":{"line":108,"column":null}},{"start":{},"end":{}}],"line":102}},"s":{"0":12,"1":12,"2":12,"3":12,"4":9,"5":3,"6":6,"7":6,"8":6,"9":5,"10":2,"11":0,"12":2,"13":2,"14":0,"15":3,"16":3,"17":1,"18":2,"19":2,"20":2,"21":2,"22":1,"23":0,"24":1,"25":1,"26":0,"27":1,"28":1,"29":5,"30":4,"31":1,"32":1,"33":0},"f":{"0":12,"1":9,"2":0,"3":0},"b":{"0":[3,6],"1":[9,7],"2":[2,3],"3":[2,0],"4":[2,1],"5":[1,2],"6":[3,3],"7":[1,1],"8":[1,0],"9":[4,1],"10":[1,0]},"meta":{"lastBranch":11,"lastFunction":4,"lastStatement":34,"seen":{"f:2:2:2:Infinity":0,"s:7:4:7:Infinity":0,"s:4:11:4:Infinity":1,"s:5:11:5:Infinity":2,"s:8:4:8:Infinity":3,"f:20:22:20:Infinity":1,"b:24:2:26:Infinity:undefined:undefined:undefined:undefined":0,"s:24:2:26:Infinity":4,"b:24:6:24:22:24:22:24:35":1,"s:25:4:25:Infinity":5,"s:28:2:111:Infinity":6,"s:29:28:29:Infinity":7,"s:31:29:37:Infinity":8,"b:39:4:55:Infinity:undefined:undefined:undefined:undefined":2,"s:39:4:55:Infinity":9,"s:40:24:40:Infinity":10,"f:40:60:40:66":2,"s:40:66:40:81":11,"b:42:6:48:Infinity:undefined:undefined:undefined:undefined":3,"s:42:6:48:Infinity":12,"b:42:10:42:45:42:45:42:78":4,"s:43:8:47:Infinity":13,"s:50:6:54:Infinity":14,"s:57:51:57:Infinity":15,"b:59:4:64:Infinity:undefined:undefined:undefined:undefined":5,"s:59:4:64:Infinity":16,"b:59:8:59:25:59:25:59:52":6,"s:60:6:63:Infinity":17,"s:66:22:66:Infinity":18,"s:67:23:67:Infinity":19,"s:69:28:75:Infinity":20,"b:77:4:93:Infinity:undefined:undefined:undefined:undefined":7,"s:77:4:93:Infinity":21,"s:78:24:78:Infinity":22,"f:78:59:78:65":3,"s:78:65:78:80":23,"b:80:6:86:Infinity:undefined:undefined:undefined:undefined":8,"s:80:6:86:Infinity":24,"s:81:8:85:Infinity":25,"s:88:6:92:Infinity":26,"s:95:31:95:Infinity":27,"s:96:4:96:Infinity":28,"b:98:4:100:Infinity:undefined:undefined:undefined:undefined":9,"s:98:4:100:Infinity":29,"s:99:6:99:Infinity":30,"b:102:4:108:Infinity:undefined:undefined:undefined:undefined":10,"s:102:4:108:Infinity":31,"s:103:6:107:Infinity":32,"s:110:4:110:Infinity":33}}}
,"/Users/lennycopeaux/Desktop/yallo/src/lib/services/system-prompt.ts": {"path":"/Users/lennycopeaux/Desktop/yallo/src/lib/services/system-prompt.ts","statementMap":{"0":{"start":{"line":30,"column":2},"end":{"line":35,"column":null}},"1":{"start":{"line":31,"column":19},"end":{"line":31,"column":40}},"2":{"start":{"line":32,"column":17},"end":{"line":35,"column":6}},"3":{"start":{"line":48,"column":2},"end":{"line":55,"column":null}},"4":{"start":{"line":49,"column":20},"end":{"line":49,"column":50}},"5":{"start":{"line":50,"column":18},"end":{"line":55,"column":6}},"6":{"start":{"line":73,"column":2},"end":{"line":79,"column":null}},"7":{"start":{"line":74,"column":19},"end":{"line":74,"column":46}},"8":{"start":{"line":75,"column":17},"end":{"line":79,"column":6}},"9":{"start":{"line":83,"column":2},"end":{"line":101,"column":null}},"10":{"start":{"line":84,"column":4},"end":{"line":100,"column":null}},"11":{"start":{"line":85,"column":23},"end":{"line":85,"column":null}},"12":{"start":{"line":86,"column":6},"end":{"line":86,"column":null}},"13":{"start":{"line":89,"column":6},"end":{"line":95,"column":null}},"14":{"start":{"line":90,"column":8},"end":{"line":90,"column":null}},"15":{"start":{"line":91,"column":6},"end":{"line":95,"column":null}},"16":{"start":{"line":92,"column":8},"end":{"line":92,"column":null}},"17":{"start":{"line":94,"column":8},"end":{"line":94,"column":null}},"18":{"start":{"line":96,"column":6},"end":{"line":99,"column":null}},"19":{"start":{"line":103,"column":24},"end":{"line":107,"column":null}},"20":{"start":{"line":109,"column":24},"end":{"line":116,"column":null}},"21":{"start":{"line":118,"column":28},"end":{"line":128,"column":null}},"22":{"start":{"line":130,"column":23},"end":{"line":139,"column":null}},"23":{"start":{"line":141,"column":2},"end":{"line":144,"column":null}},"24":{"start":{"line":141,"column":42},"end":{"line":144,"column":4}},"25":{"start":{"line":148,"column":24},"end":{"line":152,"column":null}},"26":{"start":{"line":154,"column":2},"end":{"line":176,"column":null}}},"fnMap":{"0":{"name":"transformModifiers","decl":{"start":{"line":26,"column":9},"end":{"line":26,"column":null}},"loc":{"start":{"line":29,"column":47},"end":{"line":36,"column":null}},"line":29},"1":{"name":"(anonymous_1)","decl":{"start":{"line":31,"column":12},"end":{"line":31,"column":13}},"loc":{"start":{"line":31,"column":19},"end":{"line":31,"column":40}},"line":31},"2":{"name":"(anonymous_2)","decl":{"start":{"line":32,"column":9},"end":{"line":32,"column":10}},"loc":{"start":{"line":32,"column":17},"end":{"line":35,"column":6}},"line":32},"3":{"name":"transformModifierGroups","decl":{"start":{"line":38,"column":9},"end":{"line":38,"column":null}},"loc":{"start":{"line":47,"column":3},"end":{"line":56,"column":null}},"line":47},"4":{"name":"(anonymous_4)","decl":{"start":{"line":49,"column":12},"end":{"line":49,"column":13}},"loc":{"start":{"line":49,"column":20},"end":{"line":49,"column":50}},"line":49},"5":{"name":"(anonymous_5)","decl":{"start":{"line":50,"column":9},"end":{"line":50,"column":10}},"loc":{"start":{"line":50,"column":18},"end":{"line":55,"column":6}},"line":50},"6":{"name":"transformVariations","decl":{"start":{"line":58,"column":9},"end":{"line":58,"column":null}},"loc":{"start":{"line":72,"column":3},"end":{"line":80,"column":null}},"line":72},"7":{"name":"(anonymous_7)","decl":{"start":{"line":74,"column":12},"end":{"line":74,"column":13}},"loc":{"start":{"line":74,"column":19},"end":{"line":74,"column":46}},"line":74},"8":{"name":"(anonymous_8)","decl":{"start":{"line":75,"column":9},"end":{"line":75,"column":10}},"loc":{"start":{"line":75,"column":17},"end":{"line":79,"column":6}},"line":75},"9":{"name":"getMenuStructure","decl":{"start":{"line":82,"column":15},"end":{"line":82,"column":32}},"loc":{"start":{"line":82,"column":141},"end":{"line":145,"column":null}},"line":82},"10":{"name":"(anonymous_10)","decl":{"start":{"line":141,"column":27},"end":{"line":141,"column":28}},"loc":{"start":{"line":141,"column":42},"end":{"line":144,"column":4}},"line":141},"11":{"name":"generateSystemPrompt","decl":{"start":{"line":147,"column":22},"end":{"line":147,"column":43}},"loc":{"start":{"line":147,"column":84},"end":{"line":177,"column":null}},"line":147}},"branchMap":{"0":{"loc":{"start":{"line":83,"column":2},"end":{"line":101,"column":null}},"type":"if","locations":[{"start":{"line":83,"column":2},"end":{"line":101,"column":null}},{"start":{},"end":{}}],"line":83},"1":{"loc":{"start":{"line":83,"column":6},"end":{"line":83,"column":47}},"type":"binary-expr","locations":[{"start":{"line":83,"column":6},"end":{"line":83,"column":28}},{"start":{"line":83,"column":28},"end":{"line":83,"column":47}}],"line":83},"2":{"loc":{"start":{"line":89,"column":6},"end":{"line":95,"column":null}},"type":"if","locations":[{"start":{"line":89,"column":6},"end":{"line":95,"column":null}},{"start":{"line":91,"column":6},"end":{"line":95,"column":null}}],"line":89},"3":{"loc":{"start":{"line":91,"column":6},"end":{"line":95,"column":null}},"type":"if","locations":[{"start":{"line":91,"column":6},"end":{"line":95,"column":null}},{"start":{"line":93,"column":13},"end":{"line":95,"column":null}}],"line":91},"4":{"loc":{"start":{"line":174,"column":2},"end":{"line":174,"column":45}},"type":"binary-expr","locations":[{"start":{"line":174,"column":2},"end":{"line":174,"column":30}},{"start":{"line":174,"column":30},"end":{"line":174,"column":45}}],"line":174}},"s":{"0":0,"1":0,"2":0,"3":0,"4":0,"5":0,"6":0,"7":0,"8":0,"9":7,"10":6,"11":6,"12":4,"13":2,"14":1,"15":1,"16":1,"17":0,"18":2,"19":3,"20":3,"21":3,"22":3,"23":3,"24":0,"25":7,"26":7},"f":{"0":0,"1":0,"2":0,"3":0,"4":0,"5":0,"6":0,"7":0,"8":0,"9":7,"10":0,"11":7},"b":{"0":[6,1],"1":[7,6],"2":[1,1],"3":[1,0],"4":[7,0]},"meta":{"lastBranch":5,"lastFunction":12,"lastStatement":27,"seen":{"f:26:9:26:Infinity":0,"s:30:2:35:Infinity":0,"f:31:12:31:13":1,"s:31:19:31:40":1,"f:32:9:32:10":2,"s:32:17:35:6":2,"f:38:9:38:Infinity":3,"s:48:2:55:Infinity":3,"f:49:12:49:13":4,"s:49:20:49:50":4,"f:50:9:50:10":5,"s:50:18:55:6":5,"f:58:9:58:Infinity":6,"s:73:2:79:Infinity":6,"f:74:12:74:13":7,"s:74:19:74:46":7,"f:75:9:75:10":8,"s:75:17:79:6":8,"f:82:15:82:32":9,"b:83:2:101:Infinity:undefined:undefined:undefined:undefined":0,"s:83:2:101:Infinity":9,"b:83:6:83:28:83:28:83:47":1,"s:84:4:100:Infinity":10,"s:85:23:85:Infinity":11,"s:86:6:86:Infinity":12,"b:89:6:95:Infinity:91:6:95:Infinity":2,"s:89:6:95:Infinity":13,"s:90:8:90:Infinity":14,"b:91:6:95:Infinity:93:13:95:Infinity":3,"s:91:6:95:Infinity":15,"s:92:8:92:Infinity":16,"s:94:8:94:Infinity":17,"s:96:6:99:Infinity":18,"s:103:24:107:Infinity":19,"s:109:24:116:Infinity":20,"s:118:28:128:Infinity":21,"s:130:23:139:Infinity":22,"s:141:2:144:Infinity":23,"f:141:27:141:28":10,"s:141:42:144:4":24,"f:147:22:147:43":11,"s:148:24:152:Infinity":25,"s:154:2:176:Infinity":26,"b:174:2:174:30:174:30:174:45":4}}}
}
