TN:
SF:src/app/error.tsx
FN:14,ErrorPage
FN:18,(anonymous_1)
FNF:2
FNH:2
FNDA:5,ErrorPage
FNDA:5,(anonymous_1)
DA:18,5
DA:19,5
DA:22,5
LF:3
LH:3
BRF:0
BRH:0
end_of_record
TN:
SF:src/app/not-found.tsx
FN:7,NotFound
FNF:1
FNH:1
FNDA:3,NotFound
DA:8,3
LF:1
LH:1
BRF:0
BRH:0
end_of_record
TN:
SF:src/components/landing/footer-section.tsx
FN:5,FooterSection
FN:6,(anonymous_1)
FNF:2
FNH:2
FNDA:6,FooterSection
FNDA:3,(anonymous_1)
DA:6,6
DA:7,3
DA:8,3
DA:9,3
DA:12,3
DA:13,1
DA:14,2
DA:15,1
DA:17,1
DA:20,3
DA:23,6
LF:11
LH:11
BRDA:8,0,0,3
BRDA:8,0,1,0
BRDA:9,1,0,3
BRDA:9,1,1,0
BRDA:12,2,0,1
BRDA:12,2,1,2
BRDA:14,3,0,1
BRDA:14,3,1,1
BRF:8
BRH:6
end_of_record
TN:
SF:src/components/ui/button.tsx
FN:39,Button
FNF:1
FNH:1
FNDA:16,Button
DA:7,2
DA:49,16
DA:51,16
LF:3
LH:3
BRDA:43,0,0,16
BRDA:49,1,0,11
BRDA:49,1,1,5
BRF:3
BRH:3
end_of_record
TN:
SF:src/db/schema.ts
FN:78,(anonymous_0)
FN:122,(anonymous_1)
FN:129,(anonymous_2)
FN:141,(anonymous_3)
FN:157,(anonymous_4)
FN:166,(anonymous_5)
FN:174,(anonymous_6)
FNF:7
FNH:0
FNDA:0,(anonymous_0)
FNDA:0,(anonymous_1)
FNDA:0,(anonymous_2)
FNDA:0,(anonymous_3)
FNDA:0,(anonymous_4)
FNDA:0,(anonymous_5)
FNDA:0,(anonymous_6)
DA:4,3
DA:7,3
DA:10,3
DA:12,3
DA:14,3
DA:16,3
DA:18,3
DA:20,3
DA:60,3
DA:71,3
DA:78,0
DA:122,3
DA:129,3
DA:137,3
DA:141,0
DA:153,3
DA:157,0
DA:166,3
DA:174,3
LF:19
LH:16
BRF:0
BRH:0
end_of_record
TN:
SF:src/features/hours/actions.ts
FN:37,getBusinessHours
FN:66,updateBusinessHours
FNF:2
FNH:2
FNDA:6,getBusinessHours
FNDA:4,updateBusinessHours
DA:10,1
DA:15,1
DA:26,1
DA:38,6
DA:39,5
DA:40,1
DA:43,4
DA:49,4
DA:50,3
DA:51,1
DA:54,2
DA:55,2
DA:56,2
DA:57,2
DA:58,0
DA:60,1
DA:62,1
DA:67,4
DA:68,3
DA:69,0
DA:72,3
DA:78,3
DA:80,3
DA:81,3
DA:82,1
DA:85,2
DA:86,2
DA:87,2
DA:89,2
DA:94,1
DA:95,1
DA:96,1
DA:98,1
DA:99,1
LF:34
LH:32
BRDA:39,0,0,1
BRDA:39,0,1,4
BRDA:49,1,0,1
BRDA:49,1,1,3
BRDA:50,2,0,1
BRDA:50,2,1,2
BRDA:57,3,0,0
BRDA:57,3,1,2
BRDA:57,4,0,2
BRDA:57,4,1,1
BRDA:57,4,2,1
BRDA:68,5,0,0
BRDA:68,5,1,3
BRDA:78,6,0,0
BRDA:78,6,1,3
BRDA:81,7,0,1
BRDA:81,7,1,2
BRDA:81,8,0,3
BRDA:81,8,1,2
BRDA:98,9,0,0
BRDA:98,9,1,1
BRF:21
BRH:17
end_of_record
TN:
SF:src/features/kitchen-status/actions.ts
FN:29,getKitchenStatus
FN:52,updateKitchenStatus
FN:72,updateStatusSettings
FNF:3
FNH:3
FNDA:4,getKitchenStatus
FNDA:4,updateKitchenStatus
FNDA:4,updateStatusSettings
DA:11,1
DA:30,4
DA:31,4
DA:33,3
DA:38,3
DA:40,2
DA:41,1
DA:46,1
DA:49,1
DA:53,4
DA:55,3
DA:56,3
DA:58,2
DA:61,2
DA:63,1
DA:68,1
DA:69,1
DA:73,4
DA:75,3
DA:77,3
DA:80,2
DA:82,2
DA:83,4
DA:85,4
DA:90,2
DA:91,2
LF:26
LH:26
BRDA:31,0,0,1
BRDA:31,0,1,3
BRDA:38,1,0,1
BRDA:38,1,1,2
BRDA:40,2,0,1
BRDA:40,2,1,1
BRDA:56,3,0,1
BRDA:56,3,1,2
BRDA:61,4,0,1
BRDA:61,4,1,1
BRDA:80,5,0,0
BRDA:80,5,1,2
BRDA:82,6,0,2
BRDA:82,6,1,0
BRF:14
BRH:12
end_of_record
TN:
SF:src/features/kitchen-status/constants.ts
FNF:0
FNH:0
DA:3,1
LF:1
LH:1
BRF:0
BRH:0
end_of_record
TN:
SF:src/features/menu/actions.ts
FN:10,getRestaurantForOwner
FN:25,getMenuData
FN:30,saveMenuData
FN:52,generateMenuFromImages
FN:73,clearMenuData
FNF:5
FNH:5
FNDA:6,getRestaurantForOwner
FNDA:4,getMenuData
FNDA:1,saveMenuData
FNDA:4,generateMenuFromImages
FNDA:1,clearMenuData
DA:11,6
DA:13,3
DA:18,3
DA:19,1
DA:22,2
DA:26,4
DA:27,2
DA:31,1
DA:32,1
DA:34,0
DA:42,0
DA:43,0
DA:45,0
DA:47,1
DA:48,1
DA:55,4
DA:56,4
DA:57,1
DA:60,3
DA:61,1
DA:64,2
DA:66,1
DA:68,1
DA:69,1
DA:74,1
DA:75,1
DA:77,0
DA:85,0
DA:86,0
DA:88,0
DA:90,1
DA:91,1
LF:32
LH:24
BRDA:18,0,0,1
BRDA:18,0,1,2
BRDA:27,1,0,2
BRDA:27,1,1,1
BRDA:47,2,0,1
BRDA:47,2,1,0
BRDA:56,3,0,1
BRDA:56,3,1,3
BRDA:60,4,0,1
BRDA:60,4,1,2
BRDA:68,5,0,1
BRDA:68,5,1,0
BRDA:90,6,0,1
BRDA:90,6,1,0
BRF:14
BRH:11
end_of_record
TN:
SF:src/features/orders/actions.ts
FN:9,generateOrderNumber
FN:17,getUserRestaurant
FN:30,getOrders
FN:46,updateOrderStatus
FN:68,simulateSubmitOrder
FNF:5
FNH:3
FNDA:0,generateOrderNumber
FNDA:3,getUserRestaurant
FNDA:3,getOrders
FNDA:4,updateOrderStatus
FNDA:0,simulateSubmitOrder
DA:10,0
DA:11,0
DA:14,0
DA:18,3
DA:19,3
DA:20,1
DA:23,2
DA:27,2
DA:31,3
DA:33,2
DA:37,2
DA:39,1
DA:47,4
DA:49,3
DA:52,3
DA:54,2
DA:57,2
DA:59,1
DA:64,1
DA:65,1
DA:69,0
DA:71,0
DA:75,0
DA:76,0
DA:79,0
DA:80,0
DA:81,0
DA:82,0
DA:84,0
DA:97,0
DA:106,0
DA:107,0
DA:109,0
LF:33
LH:17
BRDA:19,0,0,1
BRDA:19,0,1,2
BRDA:27,1,0,2
BRDA:27,1,1,1
BRDA:37,2,0,1
BRDA:37,2,1,1
BRDA:52,3,0,1
BRDA:52,3,1,2
BRDA:57,4,0,1
BRDA:57,4,1,1
BRDA:75,5,0,0
BRDA:75,5,1,0
BRF:12
BRH:10
end_of_record
TN:
SF:src/lib/logger.ts
FN:12,(anonymous_0)
FN:22,(anonymous_1)
FN:26,(anonymous_2)
FN:30,(anonymous_3)
FN:37,(anonymous_4)
FNF:5
FNH:5
FNDA:9,(anonymous_0)
FNDA:3,(anonymous_1)
FNDA:2,(anonymous_2)
FNDA:3,(anonymous_3)
FNDA:2,(anonymous_4)
DA:17,9
DA:18,9
DA:19,9
DA:23,3
DA:27,2
DA:31,3
DA:34,3
DA:38,2
DA:39,1
DA:44,2
LF:10
LH:10
BRDA:18,0,0,4
BRDA:18,0,1,5
BRDA:31,1,0,2
BRDA:31,1,1,1
BRDA:38,2,0,1
BRDA:38,2,1,1
BRF:6
BRH:6
end_of_record
TN:
SF:src/lib/rate-limit.ts
FN:13,rateLimit
FN:34,getRateLimitIdentifier
FN:42,cleanupExpiredRecords
FNF:3
FNH:3
FNDA:31,rateLimit
FNDA:4,getRateLimitIdentifier
FNDA:11,cleanupExpiredRecords
DA:8,1
DA:10,1
DA:11,1
DA:18,31
DA:19,31
DA:21,31
DA:22,9
DA:23,9
DA:26,22
DA:27,4
DA:30,18
DA:31,18
DA:36,4
DA:39,4
DA:43,11
DA:44,11
DA:45,48
DA:46,2
LF:18
LH:18
BRDA:15,0,0,31
BRDA:16,1,0,31
BRDA:21,2,0,9
BRDA:21,2,1,22
BRDA:21,3,0,31
BRDA:21,3,1,23
BRDA:26,4,0,4
BRDA:26,4,1,18
BRDA:36,5,0,4
BRDA:36,5,1,2
BRDA:36,5,2,1
BRDA:45,6,0,2
BRDA:45,6,1,46
BRF:13
BRH:13
end_of_record
TN:
SF:src/lib/utils.ts
FN:4,cn
FN:8,getAppUrl
FN:23,buildAppUrlServer
FN:57,normalizeFrenchPhoneNumber
FNF:4
FNH:3
FNDA:22,cn
FNDA:4,getAppUrl
FNDA:4,buildAppUrlServer
FNDA:0,normalizeFrenchPhoneNumber
DA:5,22
DA:9,4
DA:12,4
DA:15,4
DA:16,1
DA:17,1
DA:20,3
DA:24,4
DA:26,4
DA:27,0
DA:30,4
DA:32,4
DA:33,2
DA:34,2
DA:37,2
DA:38,2
DA:39,0
DA:42,2
DA:58,0
DA:61,0
DA:64,0
DA:65,0
DA:69,0
DA:70,0
DA:71,0
DA:75,0
DA:76,0
DA:77,0
DA:81,0
DA:82,0
DA:86,0
LF:31
LH:16
BRDA:8,0,0,4
BRDA:9,1,0,2
BRDA:9,1,1,2
BRDA:12,2,0,4
BRDA:12,2,1,4
BRDA:12,2,2,4
BRDA:15,3,0,1
BRDA:15,3,1,3
BRDA:16,4,0,1
BRDA:16,4,1,1
BRDA:24,5,0,3
BRDA:24,5,1,1
BRDA:26,6,0,0
BRDA:26,6,1,4
BRDA:32,7,0,2
BRDA:32,7,1,2
BRDA:33,8,0,2
BRDA:33,8,1,0
BRDA:38,9,0,0
BRDA:38,9,1,2
BRDA:58,10,0,0
BRDA:58,10,1,0
BRDA:64,11,0,0
BRDA:64,11,1,0
BRDA:69,12,0,0
BRDA:69,12,1,0
BRDA:75,13,0,0
BRDA:75,13,1,0
BRDA:81,14,0,0
BRDA:81,14,1,0
BRDA:81,15,0,0
BRDA:81,15,1,0
BRF:32
BRH:17
end_of_record
TN:
SF:src/lib/services/hubrise.ts
FN:2,(anonymous_0)
FN:21,looksLikeTestHubriseCatalogName
FN:26,pickDefaultHubriseCatalogId
FN:33,(anonymous_3)
FN:36,(anonymous_4)
FN:41,fetchHubriseCatalog
FN:69,(anonymous_6)
FN:109,(anonymous_7)
FN:170,pushVoiceOrderToHubrise
FN:179,(anonymous_9)
FN:228,(anonymous_10)
FNF:11
FNH:5
FNDA:12,(anonymous_0)
FNDA:2,looksLikeTestHubriseCatalogName
FNDA:3,pickDefaultHubriseCatalogId
FNDA:2,(anonymous_3)
FNDA:0,(anonymous_4)
FNDA:11,fetchHubriseCatalog
FNDA:0,(anonymous_6)
FNDA:0,(anonymous_7)
FNDA:0,pushVoiceOrderToHubrise
FNDA:0,(anonymous_9)
FNDA:0,(anonymous_10)
DA:4,12
DA:5,12
DA:7,12
DA:8,12
DA:22,2
DA:27,3
DA:28,0
DA:30,3
DA:31,2
DA:33,2
DA:34,1
DA:35,3
DA:36,0
DA:38,3
DA:46,11
DA:47,3
DA:50,8
DA:52,11
DA:55,11
DA:56,1
DA:58,7
DA:60,7
DA:68,6
DA:69,2
DA:71,2
DA:72,2
DA:79,0
DA:86,4
DA:88,4
DA:89,1
DA:95,3
DA:98,4
DA:100,4
DA:108,4
DA:109,1
DA:111,1
DA:112,1
DA:119,0
DA:126,3
DA:127,3
DA:129,5
DA:130,4
DA:133,1
DA:134,1
DA:141,0
DA:175,0
DA:176,0
DA:179,0
DA:181,0
DA:184,0
DA:191,0
DA:206,0
DA:207,0
DA:208,0
DA:211,0
DA:212,0
DA:215,0
DA:217,0
DA:218,0
DA:227,0
DA:228,0
DA:229,0
DA:236,0
DA:237,0
DA:239,0
DA:240,0
DA:242,0
LF:67
LH:40
BRDA:27,0,0,0
BRDA:27,0,1,3
BRDA:30,1,0,2
BRDA:30,1,1,1
BRDA:34,2,0,1
BRDA:34,2,1,0
BRDA:46,3,0,3
BRDA:46,3,1,8
BRDA:46,4,0,11
BRDA:46,4,1,9
BRDA:50,5,0,8
BRDA:50,5,1,7
BRDA:55,6,0,1
BRDA:55,6,1,7
BRDA:68,7,0,2
BRDA:68,7,1,4
BRDA:71,8,0,2
BRDA:71,8,1,0
BRDA:71,9,0,2
BRDA:71,9,1,1
BRDA:88,10,0,1
BRDA:88,10,1,3
BRDA:88,11,0,4
BRDA:88,11,1,4
BRDA:108,12,0,1
BRDA:108,12,1,3
BRDA:111,13,0,1
BRDA:111,13,1,0
BRDA:129,14,0,4
BRDA:129,14,1,1
BRDA:133,15,0,1
BRDA:133,15,1,0
BRDA:175,16,0,0
BRDA:175,16,1,0
BRDA:175,17,0,0
BRDA:175,17,1,0
BRDA:181,18,0,0
BRDA:181,18,1,0
BRDA:181,19,0,0
BRDA:181,19,1,0
BRDA:199,20,0,0
BRDA:199,20,1,0
BRDA:200,21,0,0
BRDA:200,21,1,0
BRDA:200,22,0,0
BRDA:200,22,1,0
BRDA:206,23,0,0
BRDA:206,23,1,0
BRDA:206,24,0,0
BRDA:206,24,1,0
BRDA:211,25,0,0
BRDA:211,25,1,0
BRDA:211,26,0,0
BRDA:211,26,1,0
BRDA:211,26,2,0
BRDA:227,27,0,0
BRDA:227,27,1,0
BRDA:236,28,0,0
BRDA:236,28,1,0
BRDA:239,29,0,0
BRDA:239,29,1,0
BRF:61
BRH:27
end_of_record
TN:
SF:src/lib/services/menu-parser.ts
FN:4,getOpenAIClient
FN:75,parseMenuFromImages
FN:86,(anonymous_2)
FN:132,parseMenuFromBase64Images
FN:133,(anonymous_4)
FNF:5
FNH:5
FNDA:6,getOpenAIClient
FNDA:8,parseMenuFromImages
FNDA:5,(anonymous_2)
FNDA:2,parseMenuFromBase64Images
FNDA:2,(anonymous_4)
DA:5,6
DA:6,6
DA:7,1
DA:9,5
DA:12,8
DA:76,8
DA:77,1
DA:80,7
DA:81,1
DA:84,6
DA:86,6
DA:91,6
DA:113,5
DA:115,8
DA:116,1
DA:119,4
DA:121,4
DA:122,1
DA:125,4
DA:126,1
DA:129,4
DA:133,2
DA:134,2
DA:135,1
DA:137,1
DA:140,2
LF:26
LH:26
BRDA:6,0,0,1
BRDA:6,0,1,5
BRDA:76,1,0,1
BRDA:76,1,1,7
BRDA:80,2,0,1
BRDA:80,2,1,6
BRDA:103,3,0,0
BRDA:103,3,1,5
BRDA:115,4,0,1
BRDA:115,4,1,7
BRDA:121,5,0,1
BRDA:121,5,1,3
BRDA:125,6,0,1
BRDA:125,6,1,3
BRDA:134,7,0,1
BRDA:134,7,1,1
BRF:16
BRH:15
end_of_record
TN:
SF:src/lib/services/stripe-webhook.ts
FN:25,getCurrentPeriodEndDate
FN:32,getPriceIdFromSubscription
FN:40,getCurrentPeriodEndFromSubscription
FN:47,parseCheckoutSessionCompleted
FN:78,parseSubscriptionEvent
FN:103,getStripeWebhookSecret
FN:111,isRestaurantActiveFromStripeStatus
FN:115,extractStripeSubscriptionSyncPayload
FNF:8
FNH:7
FNDA:2,getCurrentPeriodEndDate
FNDA:2,getPriceIdFromSubscription
FNDA:2,getCurrentPeriodEndFromSubscription
FNDA:1,parseCheckoutSessionCompleted
FNDA:2,parseSubscriptionEvent
FNDA:0,getStripeWebhookSecret
FNDA:5,isRestaurantActiveFromStripeStatus
FNDA:4,extractStripeSubscriptionSyncPayload
DA:4,1
DA:6,1
DA:26,2
DA:27,1
DA:29,1
DA:33,2
DA:34,2
DA:35,0
DA:37,2
DA:43,2
DA:44,2
DA:51,1
DA:52,0
DA:55,1
DA:56,0
DA:59,1
DA:60,0
DA:63,1
DA:65,1
DA:82,2
DA:83,0
DA:86,2
DA:88,2
DA:104,0
DA:105,0
DA:106,0
DA:108,0
DA:112,5
DA:118,4
DA:120,1
DA:124,2
DA:126,1
LF:32
LH:23
BRDA:26,0,0,1
BRDA:26,0,1,1
BRDA:34,1,0,0
BRDA:34,1,1,2
BRDA:51,2,0,0
BRDA:51,2,1,1
BRDA:55,3,0,0
BRDA:55,3,1,1
BRDA:59,4,0,0
BRDA:59,4,1,1
BRDA:63,5,0,1
BRDA:63,5,1,0
BRDA:71,6,0,1
BRDA:71,6,1,1
BRDA:82,7,0,0
BRDA:82,7,1,2
BRDA:86,8,0,2
BRDA:86,8,1,0
BRDA:94,9,0,2
BRDA:94,9,1,2
BRDA:98,10,0,0
BRDA:98,10,1,2
BRDA:105,11,0,0
BRDA:105,11,1,0
BRDA:118,12,0,1
BRDA:118,12,1,0
BRDA:118,12,2,2
BRDA:118,12,3,2
BRDA:118,12,4,1
BRF:29
BRH:18
end_of_record
TN:
SF:src/lib/services/submit-order-args.ts
FN:21,parseParametersObject
FN:42,toOptionalString
FN:50,toPositiveQuantity
FN:61,toUnitPriceEuros
FN:69,normalizeItem
FN:93,normalizeSubmitOrderPayload
FNF:6
FNH:6
FNDA:4,parseParametersObject
FNDA:14,toOptionalString
FNDA:2,toPositiveQuantity
FNDA:2,toUnitPriceEuros
FNDA:2,normalizeItem
FNDA:4,normalizeSubmitOrderPayload
DA:22,4
DA:23,0
DA:25,4
DA:26,1
DA:27,1
DA:28,1
DA:29,1
DA:31,0
DA:33,0
DA:36,3
DA:37,3
DA:39,0
DA:43,14
DA:44,8
DA:46,6
DA:47,6
DA:51,2
DA:52,2
DA:53,0
DA:55,2
DA:62,2
DA:63,2
DA:64,0
DA:66,2
DA:70,2
DA:71,0
DA:73,2
DA:74,2
DA:75,2
DA:76,0
DA:78,2
DA:79,2
DA:80,2
DA:81,2
DA:94,4
DA:95,4
DA:96,4
DA:97,1
DA:100,3
DA:101,3
DA:102,1
DA:105,2
DA:106,2
DA:107,2
DA:108,2
DA:109,2
DA:112,2
DA:113,0
DA:116,2
DA:117,4
DA:118,4
DA:120,4
LF:52
LH:43
BRDA:22,0,0,0
BRDA:22,0,1,4
BRDA:22,1,0,4
BRDA:22,1,1,4
BRDA:25,2,0,1
BRDA:25,2,1,3
BRDA:28,3,0,1
BRDA:28,3,1,0
BRDA:28,4,0,1
BRDA:28,4,1,1
BRDA:28,4,2,1
BRDA:36,5,0,3
BRDA:36,5,1,0
BRDA:36,6,0,3
BRDA:36,6,1,3
BRDA:43,7,0,8
BRDA:43,7,1,6
BRDA:43,8,0,14
BRDA:43,8,1,14
BRDA:47,9,0,6
BRDA:47,9,1,0
BRDA:51,10,0,2
BRDA:51,10,1,0
BRDA:52,11,0,0
BRDA:52,11,1,2
BRDA:52,12,0,2
BRDA:52,12,1,2
BRDA:62,13,0,2
BRDA:62,13,1,0
BRDA:63,14,0,0
BRDA:63,14,1,2
BRDA:63,15,0,2
BRDA:63,15,1,2
BRDA:70,16,0,0
BRDA:70,16,1,2
BRDA:70,17,0,2
BRDA:70,17,1,2
BRDA:70,17,2,2
BRDA:74,18,0,2
BRDA:74,18,1,1
BRDA:75,19,0,0
BRDA:75,19,1,2
BRDA:78,20,0,2
BRDA:78,20,1,1
BRDA:79,21,0,2
BRDA:79,21,1,1
BRDA:79,21,2,0
BRDA:80,22,0,2
BRDA:80,22,1,1
BRDA:80,22,2,1
BRDA:85,23,0,1
BRDA:85,23,1,1
BRDA:95,24,0,4
BRDA:95,24,1,2
BRDA:96,25,0,1
BRDA:96,25,1,3
BRDA:101,26,0,1
BRDA:101,26,1,2
BRDA:101,27,0,3
BRDA:101,27,1,2
BRDA:108,28,0,2
BRDA:108,28,1,0
BRDA:112,29,0,0
BRDA:112,29,1,2
BRDA:116,30,0,2
BRDA:116,30,1,2
BRDA:116,30,2,2
BRDA:117,31,0,4
BRDA:117,31,1,2
BRDA:118,32,0,4
BRDA:118,32,1,2
BRDA:118,32,2,2
BRDA:123,33,0,0
BRDA:123,33,1,2
BRDA:124,34,0,0
BRDA:124,34,1,2
BRDA:125,35,0,0
BRDA:125,35,1,2
BRF:78
BRH:62
end_of_record
TN:
SF:src/lib/services/system-prompt.ts
FN:7,getMenuStructure
FN:35,getKitchenStatusInstruction
FN:55,generateSystemPrompt
FNF:3
FNH:3
FNDA:10,getMenuStructure
FNDA:10,getKitchenStatusInstruction
FNDA:10,generateSystemPrompt
DA:8,10
DA:9,9
DA:10,9
DA:15,6
DA:18,3
DA:19,1
DA:20,2
DA:21,1
DA:23,1
DA:25,3
DA:32,4
DA:36,10
DA:37,0
DA:38,0
DA:39,0
DA:42,10
DA:48,10
DA:49,10
DA:56,10
DA:58,10
LF:20
LH:17
BRDA:8,0,0,9
BRDA:8,0,1,1
BRDA:8,1,0,10
BRDA:8,1,1,9
BRDA:18,2,0,1
BRDA:18,2,1,2
BRDA:20,3,0,1
BRDA:20,3,1,1
BRDA:32,4,0,4
BRDA:32,4,1,4
BRDA:36,5,0,0
BRDA:36,5,1,10
BRDA:38,6,0,0
BRDA:38,6,1,0
BRDA:48,7,0,10
BRDA:48,7,1,0
BRDA:100,8,0,10
BRDA:100,8,1,1
BRF:18
BRH:14
end_of_record
TN:
SF:src/lib/services/twilio-sms.ts
FN:8,sendTwilioSms
FN:43,buildOrderConfirmationSmsBody
FN:57,trySendOrderConfirmationSms
FNF:3
FNH:1
FNDA:0,sendTwilioSms
FNDA:1,buildOrderConfirmationSmsBody
FNDA:0,trySendOrderConfirmationSms
DA:9,0
DA:10,0
DA:11,0
DA:13,0
DA:14,0
DA:17,0
DA:18,0
DA:20,0
DA:21,0
DA:22,0
DA:23,0
DA:25,0
DA:34,0
DA:35,0
DA:36,0
DA:49,1
DA:50,1
DA:51,1
DA:65,0
DA:66,0
DA:69,0
DA:70,0
DA:71,0
DA:72,0
DA:76,0
DA:79,0
DA:86,0
DA:87,0
DA:88,0
DA:90,0
LF:30
LH:3
BRDA:13,0,0,0
BRDA:13,0,1,0
BRDA:13,1,0,0
BRDA:13,1,1,0
BRDA:13,1,2,0
BRDA:34,2,0,0
BRDA:34,2,1,0
BRDA:65,3,0,0
BRDA:65,3,1,0
BRDA:65,4,0,0
BRDA:65,4,1,0
BRDA:71,5,0,0
BRDA:71,5,1,0
BRDA:71,6,0,0
BRDA:71,6,1,0
BRDA:92,7,0,0
BRDA:92,7,1,0
BRF:17
BRH:0
end_of_record
