TN:
SF:src/app/error.tsx
FN:11,ErrorPage
FN:15,(anonymous_1)
FN:19,(anonymous_2)
FNF:3
FNH:2
FNDA:5,ErrorPage
FNDA:5,(anonymous_1)
FNDA:0,(anonymous_2)
DA:15,5
DA:16,5
DA:19,5
DA:20,0
DA:23,5
LF:5
LH:4
BRF:0
BRH:0
end_of_record
TN:
SF:src/app/not-found.tsx
FN:4,NotFound
FNF:1
FNH:1
FNDA:3,NotFound
DA:5,3
LF:1
LH:1
BRF:0
BRH:0
end_of_record
TN:
SF:src/components/ui/button.tsx
FN:39,Button
FNF:1
FNH:1
FNDA:13,Button
DA:7,2
DA:49,13
DA:51,13
LF:3
LH:3
BRDA:43,0,0,13
BRDA:49,1,0,3
BRDA:49,1,1,10
BRF:3
BRH:3
end_of_record
TN:
SF:src/lib/logger.ts
FN:17,(anonymous_0)
FN:27,(anonymous_1)
FN:31,(anonymous_2)
FN:35,(anonymous_3)
FN:42,(anonymous_4)
FNF:5
FNH:5
FNDA:9,(anonymous_0)
FNDA:3,(anonymous_1)
FNDA:2,(anonymous_2)
FNDA:3,(anonymous_3)
FNDA:2,(anonymous_4)
DA:22,9
DA:23,9
DA:24,9
DA:28,3
DA:32,2
DA:36,3
DA:39,3
DA:43,2
DA:44,1
DA:49,1
LF:10
LH:10
BRDA:23,0,0,4
BRDA:23,0,1,5
BRDA:36,1,0,2
BRDA:36,1,1,1
BRDA:43,2,0,1
BRDA:43,2,1,1
BRF:6
BRH:6
end_of_record
TN:
SF:src/lib/rate-limit.ts
FN:26,rateLimit
FN:56,getRateLimitIdentifier
FN:69,cleanupRateLimits
FNF:3
FNH:3
FNDA:31,rateLimit
FNDA:4,getRateLimitIdentifier
FNDA:11,cleanupRateLimits
DA:13,1
DA:15,1
DA:16,1
DA:31,31
DA:32,31
DA:34,31
DA:35,9
DA:39,9
DA:42,22
DA:43,4
DA:46,18
DA:47,18
DA:58,4
DA:61,4
DA:62,4
DA:70,11
DA:71,11
DA:72,48
DA:73,2
LF:19
LH:19
BRDA:28,0,0,31
BRDA:29,1,0,31
BRDA:34,2,0,9
BRDA:34,2,1,22
BRDA:34,3,0,31
BRDA:34,3,1,23
BRDA:42,4,0,4
BRDA:42,4,1,18
BRDA:58,5,0,4
BRDA:58,5,1,2
BRDA:58,5,2,1
BRDA:72,6,0,2
BRDA:72,6,1,46
BRF:13
BRH:13
end_of_record
TN:
SF:src/lib/utils.ts
FN:4,cn
FN:8,getAppUrl
FN:25,buildAppUrlServer
FNF:3
FNH:3
FNDA:19,cn
FNDA:4,getAppUrl
FNDA:4,buildAppUrlServer
DA:5,19
DA:9,4
DA:12,4
DA:15,4
DA:16,1
DA:19,1
DA:22,3
DA:26,4
DA:28,4
DA:29,0
DA:32,4
DA:34,4
DA:35,2
DA:36,2
DA:39,2
DA:40,2
DA:41,0
DA:44,2
LF:18
LH:16
BRDA:8,0,0,4
BRDA:9,1,0,2
BRDA:9,1,1,2
BRDA:12,2,0,4
BRDA:12,2,1,0
BRDA:12,2,2,4
BRDA:12,2,3,4
BRDA:15,3,0,1
BRDA:15,3,1,3
BRDA:16,4,0,0
BRDA:16,4,1,1
BRDA:16,5,0,1
BRDA:16,5,1,0
BRDA:26,6,0,3
BRDA:26,6,1,1
BRDA:28,7,0,0
BRDA:28,7,1,4
BRDA:34,8,0,2
BRDA:34,8,1,2
BRDA:35,9,0,2
BRDA:35,9,1,0
BRDA:40,10,0,0
BRDA:40,10,1,2
BRF:23
BRH:17
end_of_record
TN:
SF:src/lib/services/hubrise.ts
FN:2,(anonymous_0)
FN:20,fetchHubriseCatalog
FN:40,(anonymous_2)
FN:78,(anonymous_3)
FNF:4
FNH:2
FNDA:12,(anonymous_0)
FNDA:9,fetchHubriseCatalog
FNDA:0,(anonymous_2)
FNDA:0,(anonymous_3)
DA:4,12
DA:5,12
DA:7,12
DA:8,12
DA:24,9
DA:25,3
DA:28,6
DA:29,6
DA:31,6
DA:39,5
DA:40,2
DA:42,2
DA:43,2
DA:50,0
DA:57,3
DA:59,3
DA:60,1
DA:66,2
DA:67,2
DA:69,2
DA:77,2
DA:78,1
DA:80,1
DA:81,1
DA:88,0
DA:95,1
DA:96,1
DA:98,5
DA:99,4
DA:102,1
DA:103,1
DA:110,0
LF:32
LH:29
BRDA:24,0,0,3
BRDA:24,0,1,6
BRDA:24,1,0,9
BRDA:24,1,1,7
BRDA:39,2,0,2
BRDA:39,2,1,3
BRDA:42,3,0,2
BRDA:42,3,1,0
BRDA:42,4,0,2
BRDA:42,4,1,1
BRDA:59,5,0,1
BRDA:59,5,1,2
BRDA:59,6,0,3
BRDA:59,6,1,3
BRDA:77,7,0,1
BRDA:77,7,1,1
BRDA:80,8,0,1
BRDA:80,8,1,0
BRDA:98,9,0,4
BRDA:98,9,1,1
BRDA:102,10,0,1
BRDA:102,10,1,0
BRF:22
BRH:19
end_of_record
TN:
SF:src/lib/services/system-prompt.ts
FN:26,transformModifiers
FN:31,(anonymous_1)
FN:32,(anonymous_2)
FN:38,transformModifierGroups
FN:49,(anonymous_4)
FN:50,(anonymous_5)
FN:58,transformVariations
FN:74,(anonymous_7)
FN:75,(anonymous_8)
FN:82,getMenuStructure
FN:141,(anonymous_10)
FN:147,generateSystemPrompt
FNF:12
FNH:2
FNDA:0,transformModifiers
FNDA:0,(anonymous_1)
FNDA:0,(anonymous_2)
FNDA:0,transformModifierGroups
FNDA:0,(anonymous_4)
FNDA:0,(anonymous_5)
FNDA:0,transformVariations
FNDA:0,(anonymous_7)
FNDA:0,(anonymous_8)
FNDA:9,getMenuStructure
FNDA:0,(anonymous_10)
FNDA:9,generateSystemPrompt
DA:30,0
DA:31,0
DA:32,0
DA:48,0
DA:49,0
DA:50,0
DA:73,0
DA:74,0
DA:75,0
DA:83,9
DA:84,8
DA:85,8
DA:86,6
DA:89,2
DA:90,1
DA:91,1
DA:92,1
DA:94,0
DA:96,2
DA:103,3
DA:109,3
DA:118,3
DA:130,3
DA:141,3
DA:148,9
DA:154,9
LF:26
LH:16
BRDA:83,0,0,8
BRDA:83,0,1,1
BRDA:83,1,0,9
BRDA:83,1,1,8
BRDA:89,2,0,1
BRDA:89,2,1,1
BRDA:91,3,0,1
BRDA:91,3,1,0
BRDA:174,4,0,9
BRDA:174,4,1,1
BRF:10
BRH:9
end_of_record
